1592811921279	mozrunner::runner	INFO	Running command: "C:\\Program Files\\Mozilla Firefox\\firefox.exe" "-marionette" "--headless" "-foreground" "-no-remote" "-profile" "C:\\Users\\ALESSA~1\\AppData\\Local\\Temp\\rust_mozprofilegctQu3"
*** You are running in headless mode.
JavaScript error: resource://gre/modules/XULStore.jsm, line 66: Error: Can't find profile directory.
1592811923713	Marionette	INFO	Listening on port 62583
1592811923971	Marionette	WARN	TLS certificate errors will be ignored for this session
1592811927180	Marionette	INFO	Stopped listening on port 62583
1592812077269	mozrunner::runner	INFO	Running command: "C:\\Program Files\\Mozilla Firefox\\firefox.exe" "-marionette" "--headless" "-foreground" "-no-remote" "-profile" "C:\\Users\\ALESSA~1\\AppData\\Local\\Temp\\rust_mozprofileGmhZfs"
*** You are running in headless mode.
JavaScript error: resource://gre/modules/XULStore.jsm, line 66: Error: Can't find profile directory.
1592812079726	Marionette	INFO	Listening on port 62699
1592812079969	Marionette	WARN	TLS certificate errors will be ignored for this session
1592812083636	Marionette	INFO	Stopped listening on port 62699
1592812125732	mozrunner::runner	INFO	Running command: "C:\\Program Files\\Mozilla Firefox\\firefox.exe" "-marionette" "--headless" "-foreground" "-no-remote" "-profile" "C:\\Users\\ALESSA~1\\AppData\\Local\\Temp\\rust_mozprofilelDLqI2"
*** You are running in headless mode.
JavaScript error: resource://gre/modules/XULStore.jsm, line 66: Error: Can't find profile directory.
1592812127887	Marionette	INFO	Listening on port 62764
1592812127902	Marionette	WARN	TLS certificate errors will be ignored for this session
1592812130934	Marionette	INFO	Stopped listening on port 62764
1592812141026	mozrunner::runner	INFO	Running command: "C:\\Program Files\\Mozilla Firefox\\firefox.exe" "-marionette" "--headless" "-foreground" "-no-remote" "-profile" "C:\\Users\\ALESSA~1\\AppData\\Local\\Temp\\rust_mozprofile07VeK6"
*** You are running in headless mode.
JavaScript error: resource://gre/modules/XULStore.jsm, line 66: Error: Can't find profile directory.
1592812143332	Marionette	INFO	Listening on port 62823
1592812143693	Marionette	WARN	TLS certificate errors will be ignored for this session
1592812146752	Marionette	INFO	Stopped listening on port 62823
1592812215769	mozrunner::runner	INFO	Running command: "C:\\Program Files\\Mozilla Firefox\\firefox.exe" "-marionette" "--headless" "-foreground" "-no-remote" "-profile" "C:\\Users\\ALESSA~1\\AppData\\Local\\Temp\\rust_mozprofilepb1uyz"
*** You are running in headless mode.
JavaScript error: resource://gre/modules/XULStore.jsm, line 66: Error: Can't find profile directory.
1592812218058	Marionette	INFO	Listening on port 62888
1592812218449	Marionette	WARN	TLS certificate errors will be ignored for this session
1592812221300	Marionette	INFO	Stopped listening on port 62888
[Parent 600, Gecko_IOThread] WARNING: file /builds/worker/checkouts/gecko/ipc/chromium/src/base/process_util_win.cc, line 166
1592812244841	mozrunner::runner	INFO	Running command: "C:\\Program Files\\Mozilla Firefox\\firefox.exe" "-marionette" "--headless" "-foreground" "-no-remote" "-profile" "C:\\Users\\ALESSA~1\\AppData\\Local\\Temp\\rust_mozprofileiKb6XE"
*** You are running in headless mode.
JavaScript error: resource://gre/modules/XULStore.jsm, line 66: Error: Can't find profile directory.
1592812247274	Marionette	INFO	Listening on port 62953
1592812247532	Marionette	WARN	TLS certificate errors will be ignored for this session
1592812303450	mozrunner::runner	INFO	Running command: "C:\\Program Files\\Mozilla Firefox\\firefox.exe" "-marionette" "--headless" "-foreground" "-no-remote" "-profile" "C:\\Users\\ALESSA~1\\AppData\\Local\\Temp\\rust_mozprofileA6QK9Z"
*** You are running in headless mode.
JavaScript error: resource://gre/modules/XULStore.jsm, line 66: Error: Can't find profile directory.
1592812305629	Marionette	INFO	Listening on port 63051
1592812306126	Marionette	WARN	TLS certificate errors will be ignored for this session
1592812310534	Marionette	INFO	Stopped listening on port 63051
1592812637006	mozrunner::runner	INFO	Running command: "C:\\Program Files\\Mozilla Firefox\\firefox.exe" "-marionette" "--headless" "-foreground" "-no-remote" "-profile" "C:\\Users\\ALESSA~1\\AppData\\Local\\Temp\\rust_mozprofile0W5SQE"
*** You are running in headless mode.
JavaScript error: resource://gre/modules/XULStore.jsm, line 66: Error: Can't find profile directory.
1592812639324	Marionette	INFO	Listening on port 63152
1592812639684	Marionette	WARN	TLS certificate errors will be ignored for this session
1592812660042	mozrunner::runner	INFO	Running command: "C:\\Program Files\\Mozilla Firefox\\firefox.exe" "-marionette" "--headless" "-foreground" "-no-remote" "-profile" "C:\\Users\\ALESSA~1\\AppData\\Local\\Temp\\rust_mozprofileBX2xxc"
*** You are running in headless mode.
JavaScript error: resource://gre/modules/XULStore.jsm, line 66: Error: Can't find profile directory.
1592812662263	Marionette	INFO	Listening on port 63199
1592812662736	Marionette	WARN	TLS certificate errors will be ignored for this session
1592812666036	Marionette	INFO	Stopped listening on port 63199
1592813251793	mozrunner::runner	INFO	Running command: "C:\\Program Files\\Mozilla Firefox\\firefox.exe" "-marionette" "--headless" "-foreground" "-no-remote" "-profile" "C:\\Users\\ALESSA~1\\AppData\\Local\\Temp\\rust_mozprofileuBh5Xs"
*** You are running in headless mode.
JavaScript error: resource://gre/modules/XULStore.jsm, line 66: Error: Can't find profile directory.
1592813254098	Marionette	INFO	Listening on port 63343
1592813254470	Marionette	WARN	TLS certificate errors will be ignored for this session
1592813258207	Marionette	INFO	Stopped listening on port 63343
1592813574111	mozrunner::runner	INFO	Running command: "C:\\Program Files\\Mozilla Firefox\\firefox.exe" "-marionette" "--headless" "-foreground" "-no-remote" "-profile" "C:\\Users\\ALESSA~1\\AppData\\Local\\Temp\\rust_mozprofile2m7Ki7"
*** You are running in headless mode.
JavaScript error: resource://gre/modules/XULStore.jsm, line 66: Error: Can't find profile directory.
1592813576236	Marionette	INFO	Listening on port 63442
1592813576256	Marionette	WARN	TLS certificate errors will be ignored for this session
1592813579070	Marionette	INFO	Stopped listening on port 63442
1592813656968	mozrunner::runner	INFO	Running command: "C:\\Program Files\\Mozilla Firefox\\firefox.exe" "-marionette" "--headless" "-foreground" "-no-remote" "-profile" "C:\\Users\\ALESSA~1\\AppData\\Local\\Temp\\rust_mozprofiletcMkkL"
*** You are running in headless mode.
JavaScript error: resource://gre/modules/XULStore.jsm, line 66: Error: Can't find profile directory.
1592813659195	Marionette	INFO	Listening on port 63511
1592813659621	Marionette	WARN	TLS certificate errors will be ignored for this session
1592813662790	Marionette	INFO	Stopped listening on port 63511
1592813695332	mozrunner::runner	INFO	Running command: "C:\\Program Files\\Mozilla Firefox\\firefox.exe" "-marionette" "--headless" "-foreground" "-no-remote" "-profile" "C:\\Users\\ALESSA~1\\AppData\\Local\\Temp\\rust_mozprofileXUAW2g"
*** You are running in headless mode.
JavaScript error: resource://gre/modules/XULStore.jsm, line 66: Error: Can't find profile directory.
1592813697610	Marionette	INFO	Listening on port 63579
1592813697990	Marionette	WARN	TLS certificate errors will be ignored for this session
1592813701553	Marionette	INFO	Stopped listening on port 63579
1592813746713	mozrunner::runner	INFO	Running command: "C:\\Program Files\\Mozilla Firefox\\firefox.exe" "-marionette" "--headless" "-foreground" "-no-remote" "-profile" "C:\\Users\\ALESSA~1\\AppData\\Local\\Temp\\rust_mozprofileSZe4IN"
*** You are running in headless mode.
JavaScript error: resource://gre/modules/XULStore.jsm, line 66: Error: Can't find profile directory.
1592813748628	Marionette	INFO	Listening on port 63688
1592813748767	Marionette	WARN	TLS certificate errors will be ignored for this session
1592813751833	Marionette	INFO	Stopped listening on port 63688
1592813863824	mozrunner::runner	INFO	Running command: "C:\\Program Files\\Mozilla Firefox\\firefox.exe" "-marionette" "--headless" "-foreground" "-no-remote" "-profile" "C:\\Users\\ALESSA~1\\AppData\\Local\\Temp\\rust_mozprofilet43hVc"
*** You are running in headless mode.
JavaScript error: resource://gre/modules/XULStore.jsm, line 66: Error: Can't find profile directory.
1592813866157	Marionette	INFO	Listening on port 63755
1592813866500	Marionette	WARN	TLS certificate errors will be ignored for this session
1592813870103	Marionette	INFO	Stopped listening on port 63755
1592813903291	mozrunner::runner	INFO	Running command: "C:\\Program Files\\Mozilla Firefox\\firefox.exe" "-marionette" "--headless" "-foreground" "-no-remote" "-profile" "C:\\Users\\ALESSA~1\\AppData\\Local\\Temp\\rust_mozprofileQzl5RS"
*** You are running in headless mode.
JavaScript error: resource://gre/modules/XULStore.jsm, line 66: Error: Can't find profile directory.
1592813905721	Marionette	INFO	Listening on port 63817
1592813905958	Marionette	WARN	TLS certificate errors will be ignored for this session
1592813909132	Marionette	INFO	Stopped listening on port 63817
1592814109911	mozrunner::runner	INFO	Running command: "C:\\Program Files\\Mozilla Firefox\\firefox.exe" "-marionette" "--headless" "-foreground" "-no-remote" "-profile" "C:\\Users\\ALESSA~1\\AppData\\Local\\Temp\\rust_mozprofileL0z3QV"
*** You are running in headless mode.
JavaScript error: resource://gre/modules/XULStore.jsm, line 66: Error: Can't find profile directory.
1592814112488	Marionette	INFO	Listening on port 63907
1592814112622	Marionette	WARN	TLS certificate errors will be ignored for this session
1592814116052	Marionette	INFO	Stopped listening on port 63907
1592814223695	mozrunner::runner	INFO	Running command: "C:\\Program Files\\Mozilla Firefox\\firefox.exe" "-marionette" "--headless" "-foreground" "-no-remote" "-profile" "C:\\Users\\ALESSA~1\\AppData\\Local\\Temp\\rust_mozprofilePAM4j2"
*** You are running in headless mode.
JavaScript error: resource://gre/modules/XULStore.jsm, line 66: Error: Can't find profile directory.
1592814226152	Marionette	INFO	Listening on port 63982
1592814226355	Marionette	WARN	TLS certificate errors will be ignored for this session
1592814237358	Marionette	INFO	Stopped listening on port 63982
1592814482376	mozrunner::runner	INFO	Running command: "C:\\Program Files\\Mozilla Firefox\\firefox.exe" "-marionette" "--headless" "-foreground" "-no-remote" "-profile" "C:\\Users\\ALESSA~1\\AppData\\Local\\Temp\\rust_mozprofileqWE4YG"
*** You are running in headless mode.
JavaScript error: resource://gre/modules/XULStore.jsm, line 66: Error: Can't find profile directory.
1592814484503	Marionette	INFO	Listening on port 64083
1592814484550	Marionette	WARN	TLS certificate errors will be ignored for this session
1592814496201	Marionette	INFO	Stopped listening on port 64083
1592860837219	mozrunner::runner	INFO	Running command: "C:\\Program Files\\Mozilla Firefox\\firefox.exe" "-marionette" "--headless" "-foreground" "-no-remote" "-profile" "C:\\Users\\ALESSA~1\\AppData\\Local\\Temp\\rust_mozprofilefjyNR3"
*** You are running in headless mode.
JavaScript error: resource://gre/modules/XULStore.jsm, line 66: Error: Can't find profile directory.
1592860839763	Marionette	INFO	Listening on port 64472
1592860839895	Marionette	WARN	TLS certificate errors will be ignored for this session
1592860871154	mozrunner::runner	INFO	Running command: "C:\\Program Files\\Mozilla Firefox\\firefox.exe" "-marionette" "--headless" "-foreground" "-no-remote" "-profile" "C:\\Users\\ALESSA~1\\AppData\\Local\\Temp\\rust_mozprofiletkcYbv"
*** You are running in headless mode.
JavaScript error: resource://gre/modules/XULStore.jsm, line 66: Error: Can't find profile directory.
1592860873478	Marionette	INFO	Listening on port 64516
1592860873800	Marionette	WARN	TLS certificate errors will be ignored for this session
1592860876965	Marionette	INFO	Stopped listening on port 64516
1592860925256	mozrunner::runner	INFO	Running command: "C:\\Program Files\\Mozilla Firefox\\firefox.exe" "-marionette" "--headless" "-foreground" "-no-remote" "-profile" "C:\\Users\\ALESSA~1\\AppData\\Local\\Temp\\rust_mozprofile2sMBBV"
*** You are running in headless mode.
JavaScript error: resource://gre/modules/XULStore.jsm, line 66: Error: Can't find profile directory.
1592860927705	Marionette	INFO	Listening on port 64593
1592860927923	Marionette	WARN	TLS certificate errors will be ignored for this session
1592860939283	Marionette	INFO	Stopped listening on port 64593
1592861034724	mozrunner::runner	INFO	Running command: "C:\\Program Files\\Mozilla Firefox\\firefox.exe" "-marionette" "--headless" "-foreground" "-no-remote" "-profile" "C:\\Users\\ALESSA~1\\AppData\\Local\\Temp\\rust_mozprofileaVmf3p"
*** You are running in headless mode.
JavaScript error: resource://gre/modules/XULStore.jsm, line 66: Error: Can't find profile directory.
1592861037271	Marionette	INFO	Listening on port 64672
1592861037389	Marionette	WARN	TLS certificate errors will be ignored for this session
1592861049452	Marionette	INFO	Stopped listening on port 64672
1592861128664	mozrunner::runner	INFO	Running command: "C:\\Program Files\\Mozilla Firefox\\firefox.exe" "-marionette" "--headless" "-foreground" "-no-remote" "-profile" "C:\\Users\\ALESSA~1\\AppData\\Local\\Temp\\rust_mozprofileFW0Q4t"
*** You are running in headless mode.
JavaScript error: resource://gre/modules/XULStore.jsm, line 66: Error: Can't find profile directory.
1592861130813	Marionette	INFO	Listening on port 64758
1592861131314	Marionette	WARN	TLS certificate errors will be ignored for this session
1592861182247	mozrunner::runner	INFO	Running command: "C:\\Program Files\\Mozilla Firefox\\firefox.exe" "-marionette" "--headless" "-foreground" "-no-remote" "-profile" "C:\\Users\\ALESSA~1\\AppData\\Local\\Temp\\rust_mozprofileqdYk9F"
*** You are running in headless mode.
JavaScript error: resource://gre/modules/XULStore.jsm, line 66: Error: Can't find profile directory.
1592861184530	Marionette	INFO	Listening on port 64820
1592861184942	Marionette	WARN	TLS certificate errors will be ignored for this session
1592861196125	Marionette	INFO	Stopped listening on port 64820
1592861259899	mozrunner::runner	INFO	Running command: "C:\\Program Files\\Mozilla Firefox\\firefox.exe" "-marionette" "--headless" "-foreground" "-no-remote" "-profile" "C:\\Users\\ALESSA~1\\AppData\\Local\\Temp\\rust_mozprofilepHBpzP"
*** You are running in headless mode.
JavaScript error: resource://gre/modules/XULStore.jsm, line 66: Error: Can't find profile directory.
1592861262101	Marionette	INFO	Listening on port 64885
1592861262553	Marionette	WARN	TLS certificate errors will be ignored for this session
1592861273879	Marionette	INFO	Stopped listening on port 64885
