1594199296186	mozrunner::runner	INFO	Running command: "C:\\Program Files\\Mozilla Firefox\\firefox.exe" "-marionette" "--headless" "-foreground" "-no-remote" "-profile" "C:\\Users\\ALESSA~1\\AppData\\Local\\Temp\\rust_mozprofiles3zAgc"
*** You are running in headless mode.
JavaScript error: resource://gre/modules/XULStore.jsm, line 66: Error: Can't find profile directory.
console.error: Region.jsm: "Failed to fetch region" (new TypeError("NetworkError when attempting to fetch resource.", ""))
1594199299228	Marionette	INFO	Listening on port 56518
1594199299358	Marionette	WARN	TLS certificate errors will be ignored for this session
1594199299564	Marionette	INFO	Stopped listening on port 56518
1594199328174	mozrunner::runner	INFO	Running command: "C:\\Program Files\\Mozilla Firefox\\firefox.exe" "-marionette" "--headless" "-foreground" "-no-remote" "-profile" "C:\\Users\\ALESSA~1\\AppData\\Local\\Temp\\rust_mozprofilebIt7Mq"
*** You are running in headless mode.
JavaScript error: resource://gre/modules/XULStore.jsm, line 66: Error: Can't find profile directory.
1594199330522	Marionette	INFO	Listening on port 56575
1594199330835	Marionette	WARN	TLS certificate errors will be ignored for this session
1594199341362	Marionette	INFO	Stopped listening on port 56575
1594199345513	mozrunner::runner	INFO	Running command: "C:\\Program Files\\Mozilla Firefox\\firefox.exe" "-marionette" "--headless" "-foreground" "-no-remote" "-profile" "C:\\Users\\ALESSA~1\\AppData\\Local\\Temp\\rust_mozprofile595J0j"
*** You are running in headless mode.
JavaScript error: resource://gre/modules/XULStore.jsm, line 66: Error: Can't find profile directory.
1594199347958	Marionette	INFO	Listening on port 56636
1594199348162	Marionette	WARN	TLS certificate errors will be ignored for this session
1594199358605	Marionette	INFO	Stopped listening on port 56636
1594199362572	mozrunner::runner	INFO	Running command: "C:\\Program Files\\Mozilla Firefox\\firefox.exe" "-marionette" "--headless" "-foreground" "-no-remote" "-profile" "C:\\Users\\ALESSA~1\\AppData\\Local\\Temp\\rust_mozprofileNL0R54"
*** You are running in headless mode.
JavaScript error: resource://gre/modules/XULStore.jsm, line 66: Error: Can't find profile directory.
1594199365026	Marionette	INFO	Listening on port 56696
1594199365230	Marionette	WARN	TLS certificate errors will be ignored for this session
1594199375640	Marionette	INFO	Stopped listening on port 56696
1594199379543	mozrunner::runner	INFO	Running command: "C:\\Program Files\\Mozilla Firefox\\firefox.exe" "-marionette" "--headless" "-foreground" "-no-remote" "-profile" "C:\\Users\\ALESSA~1\\AppData\\Local\\Temp\\rust_mozprofilegHoAkI"
*** You are running in headless mode.
JavaScript error: resource://gre/modules/XULStore.jsm, line 66: Error: Can't find profile directory.
1594199382121	Marionette	INFO	Listening on port 56759
1594199382250	Marionette	WARN	TLS certificate errors will be ignored for this session
1594199392666	Marionette	INFO	Stopped listening on port 56759
1594199396553	mozrunner::runner	INFO	Running command: "C:\\Program Files\\Mozilla Firefox\\firefox.exe" "-marionette" "--headless" "-foreground" "-no-remote" "-profile" "C:\\Users\\ALESSA~1\\AppData\\Local\\Temp\\rust_mozprofileUMD4DB"
*** You are running in headless mode.
JavaScript error: resource://gre/modules/XULStore.jsm, line 66: Error: Can't find profile directory.
1594199399010	Marionette	INFO	Listening on port 56831
1594199399223	Marionette	WARN	TLS certificate errors will be ignored for this session
A content process crashed and MOZ_CRASHREPORTER_SHUTDOWN is set, shutting down
[Parent 10608, Gecko_IOThread] WARNING: file /builds/worker/checkouts/gecko/ipc/chromium/src/base/process_util_win.cc, line 166
1594213794363	Marionette	INFO	Stopped listening on port 56831
.
JavaScript error: resource://gre/modules/XULStore.jsm, line 66: Error: Can't find profile directory.
1594199593390	Marionette	INFO	Listening on port 57046
1594199593729	Marionette	WARN	TLS certificate errors will be ignored for this session
1594199604641	Marionette	INFO	Stopped listening on port 57046
1594199608619	mozrunner::runner	INFO	Running command: "C:\\Program Files\\Mozilla Firefox\\firefox.exe" "-marionette" "--headless" "-foreground" "-no-remote" "-profile" "C:\\Users\\ALESSA~1\\AppData\\Local\\Temp\\rust_mozprofilewiHxhi"
*** You are running in headless mode.
JavaScript error: resource://gre/modules/XULStore.jsm, line 66: Error: Can't find profile directory.
1594199610997	Marionette	INFO	Listening on port 57110
1594199611305	Marionette	WARN	TLS certificate errors will be ignored for this session
1594199621702	Marionette	INFO	Stopped listening on port 57110
1594199625780	mozrunner::runner	INFO	Running command: "C:\\Program Files\\Mozilla Firefox\\firefox.exe" "-marionette" "--headless" "-foreground" "-no-remote" "-profile" "C:\\Users\\ALESSA~1\\AppData\\Local\\Temp\\rust_mozprofileHFsHvH"
*** You are running in headless mode.
JavaScript error: resource://gre/modules/XULStore.jsm, line 66: Error: Can't find profile directory.
1594199628223	Marionette	INFO	Listening on port 57172
1594199628437	Marionette	WARN	TLS certificate errors will be ignored for this session
1594199639291	Marionette	INFO	Stopped listening on port 57172
1594199643335	mozrunner::runner	INFO	Running command: "C:\\Program Files\\Mozilla Firefox\\firefox.exe" "-marionette" "--headless" "-foreground" "-no-remote" "-profile" "C:\\Users\\ALESSA~1\\AppData\\Local\\Temp\\rust_mozprofileT4WtJD"
*** You are running in headless mode.
JavaScript error: resource://gre/modules/XULStore.jsm, line 66: Error: Can't find profile directory.
1594199645762	Marionette	INFO	Listening on port 57233
1594199646024	Marionette	WARN	TLS certificate errors will be ignored for this session
1594199656495	Marionette	INFO	Stopped listening on port 57233
1594199660514	mozrunner::runner	INFO	Running command: "C:\\Program Files\\Mozilla Firefox\\firefox.exe" "-marionette" "--headless" "-foreground" "-no-remote" "-profile" "C:\\Users\\ALESSA~1\\AppData\\Local\\Temp\\rust_mozprofileKChW35"
*** You are running in headless mode.
JavaScript error: resource://gre/modules/XULStore.jsm, line 66: Error: Can't find profile directory.
1594199663242	Marionette	INFO	Listening on port 57297
A content process crashed and MOZ_CRASHREPORTER_SHUTDOWN is set, shutting down
[Parent 1996, Gecko_IOThread] WARNING: file /builds/worker/checkouts/gecko/ipc/chromium/src/base/process_util_win.cc, line 166
1594213798164	Marionette	INFO	Stopped listening on port 57297
e.
JavaScript error: resource://gre/modules/XULStore.jsm, line 66: Error: Can't find profile directory.
1594199719431	Marionette	INFO	Listening on port 57358
1594199719465	Marionette	WARN	TLS certificate errors will be ignored for this session
1594199730403	Marionette	INFO	Stopped listening on port 57358
1594199734288	mozrunner::runner	INFO	Running command: "C:\\Program Files\\Mozilla Firefox\\firefox.exe" "-marionette" "--headless" "-foreground" "-no-remote" "-profile" "C:\\Users\\ALESSA~1\\AppData\\Local\\Temp\\rust_mozprofilehQprSW"
*** You are running in headless mode.
JavaScript error: resource://gre/modules/XULStore.jsm, line 66: Error: Can't find profile directory.
1594199736442	Marionette	INFO	Listening on port 57421
1594199736943	Marionette	WARN	TLS certificate errors will be ignored for this session
1594199747321	Marionette	INFO	Stopped listening on port 57421
1594199751365	mozrunner::runner	INFO	Running command: "C:\\Program Files\\Mozilla Firefox\\firefox.exe" "-marionette" "--headless" "-foreground" "-no-remote" "-profile" "C:\\Users\\ALESSA~1\\AppData\\Local\\Temp\\rust_mozprofileJ0uGJr"
*** You are running in headless mode.
JavaScript error: resource://gre/modules/XULStore.jsm, line 66: Error: Can't find profile directory.
1594199754722	Marionette	INFO	Listening on port 57483
1594199755006	Marionette	WARN	TLS certificate errors will be ignored for this session
1594199765371	Marionette	INFO	Stopped listening on port 57483
1594199769613	mozrunner::runner	INFO	Running command: "C:\\Program Files\\Mozilla Firefox\\firefox.exe" "-marionette" "--headless" "-foreground" "-no-remote" "-profile" "C:\\Users\\ALESSA~1\\AppData\\Local\\Temp\\rust_mozprofile0RQzNG"
*** You are running in headless mode.
JavaScript error: resource://gre/modules/XULStore.jsm, line 66: Error: Can't find profile directory.
1594199771946	Marionette	INFO	Listening on port 57543
1594199772277	Marionette	WARN	TLS certificate errors will be ignored for this session
1594199783186	Marionette	INFO	Stopped listening on port 57543
1594199787300	mozrunner::runner	INFO	Running command: "C:\\Program Files\\Mozilla Firefox\\firefox.exe" "-marionette" "--headless" "-foreground" "-no-remote" "-profile" "C:\\Users\\ALESSA~1\\AppData\\Local\\Temp\\rust_mozprofilejaRz2O"
*** You are running in headless mode.
JavaScript error: resource://gre/modules/XULStore.jsm, line 66: Error: Can't find profile directory.
1594199790553	Marionette	INFO	Listening on port 57605
1594199790986	Marionette	WARN	TLS certificate errors will be ignored for this session
A content process crashed and MOZ_CRASHREPORTER_SHUTDOWN is set, shutting down
[Parent 17648, Gecko_IOThread] WARNING: file /builds/worker/checkouts/gecko/ipc/chromium/src/base/process_util_win.cc, line 166
1594213802931	Marionette	INFO	Stopped listening on port 57605
.
JavaScript error: resource://gre/modules/XULStore.jsm, line 66: Error: Can't find profile directory.
1594199848553	Marionette	INFO	Listening on port 57673
1594199848598	Marionette	WARN	TLS certificate errors will be ignored for this session
1594199859044	Marionette	INFO	Stopped listening on port 57673
1594199863058	mozrunner::runner	INFO	Running command: "C:\\Program Files\\Mozilla Firefox\\firefox.exe" "-marionette" "--headless" "-foreground" "-no-remote" "-profile" "C:\\Users\\ALESSA~1\\AppData\\Local\\Temp\\rust_mozprofile7sN1h2"
*** You are running in headless mode.
JavaScript error: resource://gre/modules/XULStore.jsm, line 66: Error: Can't find profile directory.
1594199865730	Marionette	INFO	Listening on port 57732
1594199865742	Marionette	WARN	TLS certificate errors will be ignored for this session
1594199876024	Marionette	INFO	Stopped listening on port 57732
1594199880095	mozrunner::runner	INFO	Running command: "C:\\Program Files\\Mozilla Firefox\\firefox.exe" "-marionette" "--headless" "-foreground" "-no-remote" "-profile" "C:\\Users\\ALESSA~1\\AppData\\Local\\Temp\\rust_mozprofileZ212fd"
*** You are running in headless mode.
JavaScript error: resource://gre/modules/XULStore.jsm, line 66: Error: Can't find profile directory.
1594199882649	Marionette	INFO	Listening on port 57791
1594199882765	Marionette	WARN	TLS certificate errors will be ignored for this session
1594199893449	Marionette	INFO	Stopped listening on port 57791
1594199897536	mozrunner::runner	INFO	Running command: "C:\\Program Files\\Mozilla Firefox\\firefox.exe" "-marionette" "--headless" "-foreground" "-no-remote" "-profile" "C:\\Users\\ALESSA~1\\AppData\\Local\\Temp\\rust_mozprofileYm8SHH"
*** You are running in headless mode.
JavaScript error: resource://gre/modules/XULStore.jsm, line 66: Error: Can't find profile directory.
1594199900207	Marionette	INFO	Listening on port 57852
1594199900691	Marionette	WARN	TLS certificate errors will be ignored for this session
1594199911769	Marionette	INFO	Stopped listening on port 57852
1594199915965	mozrunner::runner	INFO	Running command: "C:\\Program Files\\Mozilla Firefox\\firefox.exe" "-marionette" "--headless" "-foreground" "-no-remote" "-profile" "C:\\Users\\ALESSA~1\\AppData\\Local\\Temp\\rust_mozprofileG64q4V"
*** You are running in headless mode.
JavaScript error: resource://gre/modules/XULStore.jsm, line 66: Error: Can't find profile directory.
1594199918383	Marionette	INFO	Listening on port 57916
1594199918645	Marionette	WARN	TLS certificate errors will be ignored for this session
1594199929118	Marionette	INFO	Stopped listening on port 57916
1594199933203	mozrunner::runner	INFO	Running command: "C:\\Program Files\\Mozilla Firefox\\firefox.exe" "-marionette" "--headless" "-foreground" "-no-remote" "-profile" "C:\\Users\\ALESSA~1\\AppData\\Local\\Temp\\rust_mozprofilecMB6du"
*** You are running in headless mode.
JavaScript error: resource://gre/modules/XULStore.jsm, line 66: Error: Can't find profile directory.
1594199935893	Marionette	INFO	Listening on port 57978
1594199936350	Marionette	WARN	TLS certificate errors will be ignored for this session
1594199946858	Marionette	INFO	Stopped listening on port 57978
1594199976266	mozrunner::runner	INFO	Running command: "C:\\Program Files\\Mozilla Firefox\\firefox.exe" "-marionette" "--headless" "-foreground" "-no-remote" "-profile" "C:\\Users\\ALESSA~1\\AppData\\Local\\Temp\\rust_mozprofileYyXKJY"
*** You are running in headless mode.
JavaScript error: resource://gre/modules/XULStore.jsm, line 66: Error: Can't find profile directory.
1594199979407	Marionette	INFO	Listening on port 58040
1594199979439	Marionette	WARN	TLS certificate errors will be ignored for this session
1594199990129	Marionette	INFO	Stopped listening on port 58040
1594199994217	mozrunner::runner	INFO	Running command: "C:\\Program Files\\Mozilla Firefox\\firefox.exe" "-marionette" "--headless" "-foreground" "-no-remote" "-profile" "C:\\Users\\ALESSA~1\\AppData\\Local\\Temp\\rust_mozprofiley8d5dm"
*** You are running in headless mode.
JavaScript error: resource://gre/modules/XULStore.jsm, line 66: Error: Can't find profile directory.
1594199996493	Marionette	INFO	Listening on port 58118
1594199996897	Marionette	WARN	TLS certificate errors will be ignored for this session
1594200007398	Marionette	INFO	Stopped listening on port 58118
1594200011393	mozrunner::runner	INFO	Running command: "C:\\Program Files\\Mozilla Firefox\\firefox.exe" "-marionette" "--headless" "-foreground" "-no-remote" "-profile" "C:\\Users\\ALESSA~1\\AppData\\Local\\Temp\\rust_mozprofilel1LpZP"
*** You are running in headless mode.
JavaScript error: resource://gre/modules/XULStore.jsm, line 66: Error: Can't find profile directory.
1594200014510	Marionette	INFO	Listening on port 58177
1594200014539	Marionette	WARN	TLS certificate errors will be ignored for this session
1594200024482	Marionette	INFO	Stopped listening on port 58177
1594200028341	mozrunner::runner	INFO	Running command: "C:\\Program Files\\Mozilla Firefox\\firefox.exe" "-marionette" "--headless" "-foreground" "-no-remote" "-profile" "C:\\Users\\ALESSA~1\\AppData\\Local\\Temp\\rust_mozprofileIiUFm8"
*** You are running in headless mode.
JavaScript error: resource://gre/modules/XULStore.jsm, line 66: Error: Can't find profile directory.
1594200031023	Marionette	INFO	Listening on port 58234
1594200031507	Marionette	WARN	TLS certificate errors will be ignored for this session
1594200041947	Marionette	INFO	Stopped listening on port 58234
1594200045769	mozrunner::runner	INFO	Running command: "C:\\Program Files\\Mozilla Firefox\\firefox.exe" "-marionette" "--headless" "-foreground" "-no-remote" "-profile" "C:\\Users\\ALESSA~1\\AppData\\Local\\Temp\\rust_mozprofileIc8m1C"
*** You are running in headless mode.
JavaScript error: resource://gre/modules/XULStore.jsm, line 66: Error: Can't find profile directory.
1594200048228	Marionette	INFO	Listening on port 58301
1594200048459	Marionette	WARN	TLS certificate errors will be ignored for this session
1594200058869	Marionette	INFO	Stopped listening on port 58301
1594200163936	mozrunner::runner	INFO	Running command: "C:\\Program Files\\Mozilla Firefox\\firefox.exe" "-marionette" "--headless" "-foreground" "-no-remote" "-profile" "C:\\Users\\ALESSA~1\\AppData\\Local\\Temp\\rust_mozprofilefj2IUa"
*** You are running in headless mode.
JavaScript error: resource://gre/modules/XULStore.jsm, line 66: Error: Can't find profile directory.
1594200166319	Marionette	INFO	Listening on port 58397
1594200166611	Marionette	WARN	TLS certificate errors will be ignored for this session
1594200177528	Marionette	INFO	Stopped listening on port 58397
1594200181917	mozrunner::runner	INFO	Running command: "C:\\Program Files\\Mozilla Firefox\\firefox.exe" "-marionette" "--headless" "-foreground" "-no-remote" "-profile" "C:\\Users\\ALESSA~1\\AppData\\Local\\Temp\\rust_mozprofile03oQZf"
*** You are running in headless mode.
JavaScript error: resource://gre/modules/XULStore.jsm, line 66: Error: Can't find profile directory.
1594200185246	Marionette	INFO	Listening on port 58457
1594200185602	Marionette	WARN	TLS certificate errors will be ignored for this session
1594200195922	Marionette	INFO	Stopped listening on port 58457
1594200200090	mozrunner::runner	INFO	Running command: "C:\\Program Files\\Mozilla Firefox\\firefox.exe" "-marionette" "--headless" "-foreground" "-no-remote" "-profile" "C:\\Users\\ALESSA~1\\AppData\\Local\\Temp\\rust_mozprofiletBzuTs"
*** You are running in headless mode.
JavaScript error: resource://gre/modules/XULStore.jsm, line 66: Error: Can't find profile directory.
1594200203435	Marionette	INFO	Listening on port 58519
1594200203755	Marionette	WARN	TLS certificate errors will be ignored for this session
1594200214398	Marionette	INFO	Stopped listening on port 58519
1594200218655	mozrunner::runner	INFO	Running command: "C:\\Program Files\\Mozilla Firefox\\firefox.exe" "-marionette" "--headless" "-foreground" "-no-remote" "-profile" "C:\\Users\\ALESSA~1\\AppData\\Local\\Temp\\rust_mozprofileLFCX55"
*** You are running in headless mode.
JavaScript error: resource://gre/modules/XULStore.jsm, line 66: Error: Can't find profile directory.
1594200222009	Marionette	INFO	Listening on port 58579
1594200222344	Marionette	WARN	TLS certificate errors will be ignored for this session
1594200232812	Marionette	INFO	Stopped listening on port 58579
1594200237174	mozrunner::runner	INFO	Running command: "C:\\Program Files\\Mozilla Firefox\\firefox.exe" "-marionette" "--headless" "-foreground" "-no-remote" "-profile" "C:\\Users\\ALESSA~1\\AppData\\Local\\Temp\\rust_mozprofilemTXT75"
*** You are running in headless mode.
JavaScript error: resource://gre/modules/XULStore.jsm, line 66: Error: Can't find profile directory.
1594200239644	Marionette	INFO	Listening on port 58640
1594200239840	Marionette	WARN	TLS certificate errors will be ignored for this session
1594200250222	Marionette	INFO	Stopped listening on port 58640
1594212280414	mozrunner::runner	INFO	Running command: "C:\\Program Files\\Mozilla Firefox\\firefox.exe" "-marionette" "--headless" "-foreground" "-no-remote" "-profile" "C:\\Users\\ALESSA~1\\AppData\\Local\\Temp\\rust_mozprofileV1Vabn"
*** You are running in headless mode.
JavaScript error: resource://gre/modules/XULStore.jsm, line 66: Error: Can't find profile directory.
1594212281698	Marionette	INFO	Listening on port 61243
1594212281935	Marionette	WARN	TLS certificate errors will be ignored for this session
1594212291212	Marionette	INFO	Stopped listening on port 61243
1594212294806	mozrunner::runner	INFO	Running command: "C:\\Program Files\\Mozilla Firefox\\firefox.exe" "-marionette" "--headless" "-foreground" "-no-remote" "-profile" "C:\\Users\\ALESSA~1\\AppData\\Local\\Temp\\rust_mozprofiledw0zNT"
*** You are running in headless mode.
JavaScript error: resource://gre/modules/XULStore.jsm, line 66: Error: Can't find profile directory.
1594212296844	Marionette	INFO	Listening on port 61303
1594212296928	Marionette	WARN	TLS certificate errors will be ignored for this session
1594212306152	Marionette	INFO	Stopped listening on port 61303
1594212309743	mozrunner::runner	INFO	Running command: "C:\\Program Files\\Mozilla Firefox\\firefox.exe" "-marionette" "--headless" "-foreground" "-no-remote" "-profile" "C:\\Users\\ALESSA~1\\AppData\\Local\\Temp\\rust_mozprofileU4L8TI"
*** You are running in headless mode.
JavaScript error: resource://gre/modules/XULStore.jsm, line 66: Error: Can't find profile directory.
1594212311029	Marionette	INFO	Listening on port 61361
1594212311257	Marionette	WARN	TLS certificate errors will be ignored for this session
1594212320604	Marionette	INFO	Stopped listening on port 61361
1594212324164	mozrunner::runner	INFO	Running command: "C:\\Program Files\\Mozilla Firefox\\firefox.exe" "-marionette" "--headless" "-foreground" "-no-remote" "-profile" "C:\\Users\\ALESSA~1\\AppData\\Local\\Temp\\rust_mozprofileOVuF4d"
*** You are running in headless mode.
JavaScript error: resource://gre/modules/XULStore.jsm, line 66: Error: Can't find profile directory.
1594212325578	Marionette	INFO	Listening on port 61421
1594212325675	Marionette	WARN	TLS certificate errors will be ignored for this session
1594212334943	Marionette	INFO	Stopped listening on port 61421
1594212338451	mozrunner::runner	INFO	Running command: "C:\\Program Files\\Mozilla Firefox\\firefox.exe" "-marionette" "--headless" "-foreground" "-no-remote" "-profile" "C:\\Users\\ALESSA~1\\AppData\\Local\\Temp\\rust_mozprofileKqoo3F"
*** You are running in headless mode.
JavaScript error: resource://gre/modules/XULStore.jsm, line 66: Error: Can't find profile directory.
1594212339821	Marionette	INFO	Listening on port 61481
1594212339975	Marionette	WARN	TLS certificate errors will be ignored for this session
1594212349044	Marionette	INFO	Stopped listening on port 61481
1594212352633	mozrunner::runner	INFO	Running command: "C:\\Program Files\\Mozilla Firefox\\firefox.exe" "-marionette" "--headless" "-foreground" "-no-remote" "-profile" "C:\\Users\\ALESSA~1\\AppData\\Local\\Temp\\rust_mozprofilez77s3B"
*** You are running in headless mode.
JavaScript error: resource://gre/modules/XULStore.jsm, line 66: Error: Can't find profile directory.
1594212353968	Marionette	INFO	Listening on port 61541
1594212354188	Marionette	WARN	TLS certificate errors will be ignored for this session
1594212363354	Marionette	INFO	Stopped listening on port 61541
1594212366924	mozrunner::runner	INFO	Running command: "C:\\Program Files\\Mozilla Firefox\\firefox.exe" "-marionette" "--headless" "-foreground" "-no-remote" "-profile" "C:\\Users\\ALESSA~1\\AppData\\Local\\Temp\\rust_mozprofileyEFWwl"
*** You are running in headless mode.
JavaScript error: resource://gre/modules/XULStore.jsm, line 66: Error: Can't find profile directory.
1594212368209	Marionette	INFO	Listening on port 61602
1594212368441	Marionette	WARN	TLS certificate errors will be ignored for this session
1594212377766	Marionette	INFO	Stopped listening on port 61602
1594212381270	mozrunner::runner	INFO	Running command: "C:\\Program Files\\Mozilla Firefox\\firefox.exe" "-marionette" "--headless" "-foreground" "-no-remote" "-profile" "C:\\Users\\ALESSA~1\\AppData\\Local\\Temp\\rust_mozprofileYQ1HIs"
*** You are running in headless mode.
JavaScript error: resource://gre/modules/XULStore.jsm, line 66: Error: Can't find profile directory.
1594212382491	Marionette	INFO	Listening on port 61661
1594212382793	Marionette	WARN	TLS certificate errors will be ignored for this session
1594212391966	Marionette	INFO	Stopped listening on port 61661
1594212395452	mozrunner::runner	INFO	Running command: "C:\\Program Files\\Mozilla Firefox\\firefox.exe" "-marionette" "--headless" "-foreground" "-no-remote" "-profile" "C:\\Users\\ALESSA~1\\AppData\\Local\\Temp\\rust_mozprofile3mVA2f"
*** You are running in headless mode.
JavaScript error: resource://gre/modules/XULStore.jsm, line 66: Error: Can't find profile directory.
1594212396786	Marionette	INFO	Listening on port 61720
1594212396994	Marionette	WARN	TLS certificate errors will be ignored for this session
1594212406840	Marionette	INFO	Stopped listening on port 61720
1594212410380	mozrunner::runner	INFO	Running command: "C:\\Program Files\\Mozilla Firefox\\firefox.exe" "-marionette" "--headless" "-foreground" "-no-remote" "-profile" "C:\\Users\\ALESSA~1\\AppData\\Local\\Temp\\rust_mozprofileXTTHJ1"
*** You are running in headless mode.
JavaScript error: resource://gre/modules/XULStore.jsm, line 66: Error: Can't find profile directory.
1594212411773	Marionette	INFO	Listening on port 61780
1594212411899	Marionette	WARN	TLS certificate errors will be ignored for this session
1594212421213	Marionette	INFO	Stopped listening on port 61780
1594212424805	mozrunner::runner	INFO	Running command: "C:\\Program Files\\Mozilla Firefox\\firefox.exe" "-marionette" "--headless" "-foreground" "-no-remote" "-profile" "C:\\Users\\ALESSA~1\\AppData\\Local\\Temp\\rust_mozprofileDWlBKw"
*** You are running in headless mode.
JavaScript error: resource://gre/modules/XULStore.jsm, line 66: Error: Can't find profile directory.
1594212426096	Marionette	INFO	Listening on port 61834
1594212426326	Marionette	WARN	TLS certificate errors will be ignored for this session
1594212435574	Marionette	INFO	Stopped listening on port 61834
1594212439178	mozrunner::runner	INFO	Running command: "C:\\Program Files\\Mozilla Firefox\\firefox.exe" "-marionette" "--headless" "-foreground" "-no-remote" "-profile" "C:\\Users\\ALESSA~1\\AppData\\Local\\Temp\\rust_mozprofileGyHL5O"
*** You are running in headless mode.
JavaScript error: resource://gre/modules/XULStore.jsm, line 66: Error: Can't find profile directory.
1594212440641	Marionette	INFO	Listening on port 61891
1594212440716	Marionette	WARN	TLS certificate errors will be ignored for this session
1594212450016	Marionette	INFO	Stopped listening on port 61891
1594212453490	mozrunner::runner	INFO	Running command: "C:\\Program Files\\Mozilla Firefox\\firefox.exe" "-marionette" "--headless" "-foreground" "-no-remote" "-profile" "C:\\Users\\ALESSA~1\\AppData\\Local\\Temp\\rust_mozprofile4UNl2D"
*** You are running in headless mode.
JavaScript error: resource://gre/modules/XULStore.jsm, line 66: Error: Can't find profile directory.
1594212454760	Marionette	INFO	Listening on port 61951
1594212455011	Marionette	WARN	TLS certificate errors will be ignored for this session
1594212464156	Marionette	INFO	Stopped listening on port 61951
1594212467650	mozrunner::runner	INFO	Running command: "C:\\Program Files\\Mozilla Firefox\\firefox.exe" "-marionette" "--headless" "-foreground" "-no-remote" "-profile" "C:\\Users\\ALESSA~1\\AppData\\Local\\Temp\\rust_mozprofile1I3X6I"
*** You are running in headless mode.
JavaScript error: resource://gre/modules/XULStore.jsm, line 66: Error: Can't find profile directory.
1594212469099	Marionette	INFO	Listening on port 62011
1594212469190	Marionette	WARN	TLS certificate errors will be ignored for this session
1594212478410	Marionette	INFO	Stopped listening on port 62011
1594212482009	mozrunner::runner	INFO	Running command: "C:\\Program Files\\Mozilla Firefox\\firefox.exe" "-marionette" "--headless" "-foreground" "-no-remote" "-profile" "C:\\Users\\ALESSA~1\\AppData\\Local\\Temp\\rust_mozprofileQdALh9"
*** You are running in headless mode.
JavaScript error: resource://gre/modules/XULStore.jsm, line 66: Error: Can't find profile directory.
1594212483237	Marionette	INFO	Listening on port 62070
1594212483530	Marionette	WARN	TLS certificate errors will be ignored for this session
1594212492767	Marionette	INFO	Stopped listening on port 62070
1594212496298	mozrunner::runner	INFO	Running command: "C:\\Program Files\\Mozilla Firefox\\firefox.exe" "-marionette" "--headless" "-foreground" "-no-remote" "-profile" "C:\\Users\\ALESSA~1\\AppData\\Local\\Temp\\rust_mozprofilez7PHeZ"
*** You are running in headless mode.
JavaScript error: resource://gre/modules/XULStore.jsm, line 66: Error: Can't find profile directory.
1594212497596	Marionette	INFO	Listening on port 62128
1594212497820	Marionette	WARN	TLS certificate errors will be ignored for this session
1594212507046	Marionette	INFO	Stopped listening on port 62128
1594212510603	mozrunner::runner	INFO	Running command: "C:\\Program Files\\Mozilla Firefox\\firefox.exe" "-marionette" "--headless" "-foreground" "-no-remote" "-profile" "C:\\Users\\ALESSA~1\\AppData\\Local\\Temp\\rust_mozprofileQxgUNC"
*** You are running in headless mode.
JavaScript error: resource://gre/modules/XULStore.jsm, line 66: Error: Can't find profile directory.
1594212511869	Marionette	INFO	Listening on port 62187
1594212512125	Marionette	WARN	TLS certificate errors will be ignored for this session
1594212521314	Marionette	INFO	Stopped listening on port 62187
1594212524923	mozrunner::runner	INFO	Running command: "C:\\Program Files\\Mozilla Firefox\\firefox.exe" "-marionette" "--headless" "-foreground" "-no-remote" "-profile" "C:\\Users\\ALESSA~1\\AppData\\Local\\Temp\\rust_mozprofileYm25t9"
*** You are running in headless mode.
JavaScript error: resource://gre/modules/XULStore.jsm, line 66: Error: Can't find profile directory.
1594212526587	Marionette	INFO	Listening on port 62250
1594212526960	Marionette	WARN	TLS certificate errors will be ignored for this session
1594212536307	Marionette	INFO	Stopped listening on port 62250
1594212539817	mozrunner::runner	INFO	Running command: "C:\\Program Files\\Mozilla Firefox\\firefox.exe" "-marionette" "--headless" "-foreground" "-no-remote" "-profile" "C:\\Users\\ALESSA~1\\AppData\\Local\\Temp\\rust_mozprofileCE5PBk"
*** You are running in headless mode.
JavaScript error: resource://gre/modules/XULStore.jsm, line 66: Error: Can't find profile directory.
1594212541196	Marionette	INFO	Listening on port 62310
1594212541353	Marionette	WARN	TLS certificate errors will be ignored for this session
1594212551074	Marionette	INFO	Stopped listening on port 62310
1594212554689	mozrunner::runner	INFO	Running command: "C:\\Program Files\\Mozilla Firefox\\firefox.exe" "-marionette" "--headless" "-foreground" "-no-remote" "-profile" "C:\\Users\\ALESSA~1\\AppData\\Local\\Temp\\rust_mozprofilebFVrM0"
*** You are running in headless mode.
JavaScript error: resource://gre/modules/XULStore.jsm, line 66: Error: Can't find profile directory.
1594212556025	Marionette	INFO	Listening on port 62369
1594212556217	Marionette	WARN	TLS certificate errors will be ignored for this session
1594212565813	Marionette	INFO	Stopped listening on port 62369
1594212569329	mozrunner::runner	INFO	Running command: "C:\\Program Files\\Mozilla Firefox\\firefox.exe" "-marionette" "--headless" "-foreground" "-no-remote" "-profile" "C:\\Users\\ALESSA~1\\AppData\\Local\\Temp\\rust_mozprofileulsgci"
*** You are running in headless mode.
JavaScript error: resource://gre/modules/XULStore.jsm, line 66: Error: Can't find profile directory.
1594212570584	Marionette	INFO	Listening on port 62426
1594212570856	Marionette	WARN	TLS certificate errors will be ignored for this session
1594212580240	Marionette	INFO	Stopped listening on port 62426
1594212583838	mozrunner::runner	INFO	Running command: "C:\\Program Files\\Mozilla Firefox\\firefox.exe" "-marionette" "--headless" "-foreground" "-no-remote" "-profile" "C:\\Users\\ALESSA~1\\AppData\\Local\\Temp\\rust_mozprofilej7Ffdi"
*** You are running in headless mode.
JavaScript error: resource://gre/modules/XULStore.jsm, line 66: Error: Can't find profile directory.
1594212585223	Marionette	INFO	Listening on port 62487
1594212585350	Marionette	WARN	TLS certificate errors will be ignored for this session
1594212594676	Marionette	INFO	Stopped listening on port 62487
1594212598300	mozrunner::runner	INFO	Running command: "C:\\Program Files\\Mozilla Firefox\\firefox.exe" "-marionette" "--headless" "-foreground" "-no-remote" "-profile" "C:\\Users\\ALESSA~1\\AppData\\Local\\Temp\\rust_mozprofilebSwbYW"
*** You are running in headless mode.
JavaScript error: resource://gre/modules/XULStore.jsm, line 66: Error: Can't find profile directory.
1594212599768	Marionette	INFO	Listening on port 62546
1594212599814	Marionette	WARN	TLS certificate errors will be ignored for this session
1594212609128	Marionette	INFO	Stopped listening on port 62546
1594212612725	mozrunner::runner	INFO	Running command: "C:\\Program Files\\Mozilla Firefox\\firefox.exe" "-marionette" "--headless" "-foreground" "-no-remote" "-profile" "C:\\Users\\ALESSA~1\\AppData\\Local\\Temp\\rust_mozprofilevXcMIr"
*** You are running in headless mode.
JavaScript error: resource://gre/modules/XULStore.jsm, line 66: Error: Can't find profile directory.
1594212614092	Marionette	INFO	Listening on port 62603
1594212614235	Marionette	WARN	TLS certificate errors will be ignored for this session
1594212623758	Marionette	INFO	Stopped listening on port 62603
1594212627380	mozrunner::runner	INFO	Running command: "C:\\Program Files\\Mozilla Firefox\\firefox.exe" "-marionette" "--headless" "-foreground" "-no-remote" "-profile" "C:\\Users\\ALESSA~1\\AppData\\Local\\Temp\\rust_mozprofileY0U3j8"
*** You are running in headless mode.
JavaScript error: resource://gre/modules/XULStore.jsm, line 66: Error: Can't find profile directory.
1594212628973	Marionette	INFO	Listening on port 62663
1594212629393	Marionette	WARN	TLS certificate errors will be ignored for this session
1594212638717	Marionette	INFO	Stopped listening on port 62663
1594212642310	mozrunner::runner	INFO	Running command: "C:\\Program Files\\Mozilla Firefox\\firefox.exe" "-marionette" "--headless" "-foreground" "-no-remote" "-profile" "C:\\Users\\ALESSA~1\\AppData\\Local\\Temp\\rust_mozprofile5JTt4r"
*** You are running in headless mode.
JavaScript error: resource://gre/modules/XULStore.jsm, line 66: Error: Can't find profile directory.
1594212644128	Marionette	INFO	Listening on port 62724
1594212644321	Marionette	WARN	TLS certificate errors will be ignored for this session
1594212653907	Marionette	INFO	Stopped listening on port 62724
1594212657368	mozrunner::runner	INFO	Running command: "C:\\Program Files\\Mozilla Firefox\\firefox.exe" "-marionette" "--headless" "-foreground" "-no-remote" "-profile" "C:\\Users\\ALESSA~1\\AppData\\Local\\Temp\\rust_mozprofileFtg2wN"
*** You are running in headless mode.
JavaScript error: resource://gre/modules/XULStore.jsm, line 66: Error: Can't find profile directory.
1594212658756	Marionette	INFO	Listening on port 62790
1594212658874	Marionette	WARN	TLS certificate errors will be ignored for this session
1594212668222	Marionette	INFO	Stopped listening on port 62790
1594212671726	mozrunner::runner	INFO	Running command: "C:\\Program Files\\Mozilla Firefox\\firefox.exe" "-marionette" "--headless" "-foreground" "-no-remote" "-profile" "C:\\Users\\ALESSA~1\\AppData\\Local\\Temp\\rust_mozprofileAPVz5Z"
*** You are running in headless mode.
JavaScript error: resource://gre/modules/XULStore.jsm, line 66: Error: Can't find profile directory.
1594212673015	Marionette	INFO	Listening on port 62849
1594212673243	Marionette	WARN	TLS certificate errors will be ignored for this session
1594212682450	Marionette	INFO	Stopped listening on port 62849
1594212686093	mozrunner::runner	INFO	Running command: "C:\\Program Files\\Mozilla Firefox\\firefox.exe" "-marionette" "--headless" "-foreground" "-no-remote" "-profile" "C:\\Users\\ALESSA~1\\AppData\\Local\\Temp\\rust_mozprofilefbQ9j7"
*** You are running in headless mode.
JavaScript error: resource://gre/modules/XULStore.jsm, line 66: Error: Can't find profile directory.
1594212687502	Marionette	INFO	Listening on port 62908
1594212687628	Marionette	WARN	TLS certificate errors will be ignored for this session
1594212697032	Marionette	INFO	Stopped listening on port 62908
1594212700599	mozrunner::runner	INFO	Running command: "C:\\Program Files\\Mozilla Firefox\\firefox.exe" "-marionette" "--headless" "-foreground" "-no-remote" "-profile" "C:\\Users\\ALESSA~1\\AppData\\Local\\Temp\\rust_mozprofilej50T6C"
*** You are running in headless mode.
JavaScript error: resource://gre/modules/XULStore.jsm, line 66: Error: Can't find profile directory.
1594212702150	Marionette	INFO	Listening on port 62970
1594212702646	Marionette	WARN	TLS certificate errors will be ignored for this session
1594212712179	Marionette	INFO	Stopped listening on port 62970
1594212715850	mozrunner::runner	INFO	Running command: "C:\\Program Files\\Mozilla Firefox\\firefox.exe" "-marionette" "--headless" "-foreground" "-no-remote" "-profile" "C:\\Users\\ALESSA~1\\AppData\\Local\\Temp\\rust_mozprofile6ZDSf1"
*** You are running in headless mode.
JavaScript error: resource://gre/modules/XULStore.jsm, line 66: Error: Can't find profile directory.
1594212717220	Marionette	INFO	Listening on port 63030
1594212717373	Marionette	WARN	TLS certificate errors will be ignored for this session
1594212726839	Marionette	INFO	Stopped listening on port 63030
1594212730427	mozrunner::runner	INFO	Running command: "C:\\Program Files\\Mozilla Firefox\\firefox.exe" "-marionette" "--headless" "-foreground" "-no-remote" "-profile" "C:\\Users\\ALESSA~1\\AppData\\Local\\Temp\\rust_mozprofilehIONLf"
*** You are running in headless mode.
JavaScript error: resource://gre/modules/XULStore.jsm, line 66: Error: Can't find profile directory.
1594212731849	Marionette	INFO	Listening on port 63090
1594212731940	Marionette	WARN	TLS certificate errors will be ignored for this session
1594212741381	Marionette	INFO	Stopped listening on port 63090
1594212744974	mozrunner::runner	INFO	Running command: "C:\\Program Files\\Mozilla Firefox\\firefox.exe" "-marionette" "--headless" "-foreground" "-no-remote" "-profile" "C:\\Users\\ALESSA~1\\AppData\\Local\\Temp\\rust_mozprofileaUCC5d"
*** You are running in headless mode.
JavaScript error: resource://gre/modules/XULStore.jsm, line 66: Error: Can't find profile directory.
1594212746302	Marionette	INFO	Listening on port 63148
1594212746488	Marionette	WARN	TLS certificate errors will be ignored for this session
1594212755594	Marionette	INFO	Stopped listening on port 63148
1594212759175	mozrunner::runner	INFO	Running command: "C:\\Program Files\\Mozilla Firefox\\firefox.exe" "-marionette" "--headless" "-foreground" "-no-remote" "-profile" "C:\\Users\\ALESSA~1\\AppData\\Local\\Temp\\rust_mozprofileNMoQqe"
*** You are running in headless mode.
JavaScript error: resource://gre/modules/XULStore.jsm, line 66: Error: Can't find profile directory.
1594212760703	Marionette	INFO	Listening on port 63209
1594212760716	Marionette	WARN	TLS certificate errors will be ignored for this session
1594212769958	Marionette	INFO	Stopped listening on port 63209
1594212773542	mozrunner::runner	INFO	Running command: "C:\\Program Files\\Mozilla Firefox\\firefox.exe" "-marionette" "--headless" "-foreground" "-no-remote" "-profile" "C:\\Users\\ALESSA~1\\AppData\\Local\\Temp\\rust_mozprofilea0Hpyb"
*** You are running in headless mode.
JavaScript error: resource://gre/modules/XULStore.jsm, line 66: Error: Can't find profile directory.
1594212774854	Marionette	INFO	Listening on port 63270
1594212775064	Marionette	WARN	TLS certificate errors will be ignored for this session
1594212784318	Marionette	INFO	Stopped listening on port 63270
1594212787922	mozrunner::runner	INFO	Running command: "C:\\Program Files\\Mozilla Firefox\\firefox.exe" "-marionette" "--headless" "-foreground" "-no-remote" "-profile" "C:\\Users\\ALESSA~1\\AppData\\Local\\Temp\\rust_mozprofilekG1ook"
*** You are running in headless mode.
JavaScript error: resource://gre/modules/XULStore.jsm, line 66: Error: Can't find profile directory.
1594212789217	Marionette	INFO	Listening on port 63328
1594212789447	Marionette	WARN	TLS certificate errors will be ignored for this session
1594212798686	Marionette	INFO	Stopped listening on port 63328
1594212802306	mozrunner::runner	INFO	Running command: "C:\\Program Files\\Mozilla Firefox\\firefox.exe" "-marionette" "--headless" "-foreground" "-no-remote" "-profile" "C:\\Users\\ALESSA~1\\AppData\\Local\\Temp\\rust_mozprofilep2g2DM"
*** You are running in headless mode.
JavaScript error: resource://gre/modules/XULStore.jsm, line 66: Error: Can't find profile directory.
1594212803617	Marionette	INFO	Listening on port 63386
1594212803831	Marionette	WARN	TLS certificate errors will be ignored for this session
1594212813228	Marionette	INFO	Stopped listening on port 63386
1594212816697	mozrunner::runner	INFO	Running command: "C:\\Program Files\\Mozilla Firefox\\firefox.exe" "-marionette" "--headless" "-foreground" "-no-remote" "-profile" "C:\\Users\\ALESSA~1\\AppData\\Local\\Temp\\rust_mozprofileojxPu3"
*** You are running in headless mode.
JavaScript error: resource://gre/modules/XULStore.jsm, line 66: Error: Can't find profile directory.
1594212817970	Marionette	INFO	Listening on port 63445
1594212818222	Marionette	WARN	TLS certificate errors will be ignored for this session
1594212827693	Marionette	INFO	Stopped listening on port 63445
1594212831222	mozrunner::runner	INFO	Running command: "C:\\Program Files\\Mozilla Firefox\\firefox.exe" "-marionette" "--headless" "-foreground" "-no-remote" "-profile" "C:\\Users\\ALESSA~1\\AppData\\Local\\Temp\\rust_mozprofileixrxTd"
*** You are running in headless mode.
JavaScript error: resource://gre/modules/XULStore.jsm, line 66: Error: Can't find profile directory.
1594212832590	Marionette	INFO	Listening on port 63504
1594212832743	Marionette	WARN	TLS certificate errors will be ignored for this session
1594212842252	Marionette	INFO	Stopped listening on port 63504
1594212845781	mozrunner::runner	INFO	Running command: "C:\\Program Files\\Mozilla Firefox\\firefox.exe" "-marionette" "--headless" "-foreground" "-no-remote" "-profile" "C:\\Users\\ALESSA~1\\AppData\\Local\\Temp\\rust_mozprofileMLseWU"
*** You are running in headless mode.
JavaScript error: resource://gre/modules/XULStore.jsm, line 66: Error: Can't find profile directory.
1594212847103	Marionette	INFO	Listening on port 63563
1594212847304	Marionette	WARN	TLS certificate errors will be ignored for this session
1594212856534	Marionette	INFO	Stopped listening on port 63563
1594212860121	mozrunner::runner	INFO	Running command: "C:\\Program Files\\Mozilla Firefox\\firefox.exe" "-marionette" "--headless" "-foreground" "-no-remote" "-profile" "C:\\Users\\ALESSA~1\\AppData\\Local\\Temp\\rust_mozprofilewhPs5q"
*** You are running in headless mode.
JavaScript error: resource://gre/modules/XULStore.jsm, line 66: Error: Can't find profile directory.
1594212861424	Marionette	INFO	Listening on port 63621
1594212861654	Marionette	WARN	TLS certificate errors will be ignored for this session
1594212871675	Marionette	INFO	Stopped listening on port 63621
1594212875278	mozrunner::runner	INFO	Running command: "C:\\Program Files\\Mozilla Firefox\\firefox.exe" "-marionette" "--headless" "-foreground" "-no-remote" "-profile" "C:\\Users\\ALESSA~1\\AppData\\Local\\Temp\\rust_mozprofileKAWL82"
*** You are running in headless mode.
JavaScript error: resource://gre/modules/XULStore.jsm, line 66: Error: Can't find profile directory.
1594212876601	Marionette	INFO	Listening on port 63682
1594212876809	Marionette	WARN	TLS certificate errors will be ignored for this session
1594212886102	Marionette	INFO	Stopped listening on port 63682
1594212889686	mozrunner::runner	INFO	Running command: "C:\\Program Files\\Mozilla Firefox\\firefox.exe" "-marionette" "--headless" "-foreground" "-no-remote" "-profile" "C:\\Users\\ALESSA~1\\AppData\\Local\\Temp\\rust_mozprofilecLbcjO"
*** You are running in headless mode.
JavaScript error: resource://gre/modules/XULStore.jsm, line 66: Error: Can't find profile directory.
1594212891070	Marionette	INFO	Listening on port 63741
1594212891213	Marionette	WARN	TLS certificate errors will be ignored for this session
1594212900613	Marionette	INFO	Stopped listening on port 63741
1594212904108	mozrunner::runner	INFO	Running command: "C:\\Program Files\\Mozilla Firefox\\firefox.exe" "-marionette" "--headless" "-foreground" "-no-remote" "-profile" "C:\\Users\\ALESSA~1\\AppData\\Local\\Temp\\rust_mozprofileHo5LDm"
*** You are running in headless mode.
JavaScript error: resource://gre/modules/XULStore.jsm, line 66: Error: Can't find profile directory.
1594212905924	Marionette	INFO	Listening on port 63802
1594212906134	Marionette	WARN	TLS certificate errors will be ignored for this session
1594212915594	Marionette	INFO	Stopped listening on port 63802
1594212919192	mozrunner::runner	INFO	Running command: "C:\\Program Files\\Mozilla Firefox\\firefox.exe" "-marionette" "--headless" "-foreground" "-no-remote" "-profile" "C:\\Users\\ALESSA~1\\AppData\\Local\\Temp\\rust_mozprofileKxlMcR"
*** You are running in headless mode.
JavaScript error: resource://gre/modules/XULStore.jsm, line 66: Error: Can't find profile directory.
1594212920628	Marionette	INFO	Listening on port 63871
1594212920730	Marionette	WARN	TLS certificate errors will be ignored for this session
1594212929907	Marionette	INFO	Stopped listening on port 63871
1594212933505	mozrunner::runner	INFO	Running command: "C:\\Program Files\\Mozilla Firefox\\firefox.exe" "-marionette" "--headless" "-foreground" "-no-remote" "-profile" "C:\\Users\\ALESSA~1\\AppData\\Local\\Temp\\rust_mozprofileYQTH8C"
*** You are running in headless mode.
JavaScript error: resource://gre/modules/XULStore.jsm, line 66: Error: Can't find profile directory.
1594212934812	Marionette	INFO	Listening on port 63927
1594212935044	Marionette	WARN	TLS certificate errors will be ignored for this session
1594212944356	Marionette	INFO	Stopped listening on port 63927
1594212947967	mozrunner::runner	INFO	Running command: "C:\\Program Files\\Mozilla Firefox\\firefox.exe" "-marionette" "--headless" "-foreground" "-no-remote" "-profile" "C:\\Users\\ALESSA~1\\AppData\\Local\\Temp\\rust_mozprofilequ9Mrc"
*** You are running in headless mode.
JavaScript error: resource://gre/modules/XULStore.jsm, line 66: Error: Can't find profile directory.
1594212949269	Marionette	INFO	Listening on port 63985
1594212949505	Marionette	WARN	TLS certificate errors will be ignored for this session
1594212958816	Marionette	INFO	Stopped listening on port 63985
1594212962334	mozrunner::runner	INFO	Running command: "C:\\Program Files\\Mozilla Firefox\\firefox.exe" "-marionette" "--headless" "-foreground" "-no-remote" "-profile" "C:\\Users\\ALESSA~1\\AppData\\Local\\Temp\\rust_mozprofileLpo1P3"
*** You are running in headless mode.
JavaScript error: resource://gre/modules/XULStore.jsm, line 66: Error: Can't find profile directory.
1594212963658	Marionette	INFO	Listening on port 64044
1594212963868	Marionette	WARN	TLS certificate errors will be ignored for this session
1594212973399	Marionette	INFO	Stopped listening on port 64044
1594212976916	mozrunner::runner	INFO	Running command: "C:\\Program Files\\Mozilla Firefox\\firefox.exe" "-marionette" "--headless" "-foreground" "-no-remote" "-profile" "C:\\Users\\ALESSA~1\\AppData\\Local\\Temp\\rust_mozprofileQGZ0sz"
*** You are running in headless mode.
JavaScript error: resource://gre/modules/XULStore.jsm, line 66: Error: Can't find profile directory.
1594212978264	Marionette	INFO	Listening on port 64103
1594212978448	Marionette	WARN	TLS certificate errors will be ignored for this session
1594212987561	Marionette	INFO	Stopped listening on port 64103
1594212991173	mozrunner::runner	INFO	Running command: "C:\\Program Files\\Mozilla Firefox\\firefox.exe" "-marionette" "--headless" "-foreground" "-no-remote" "-profile" "C:\\Users\\ALESSA~1\\AppData\\Local\\Temp\\rust_mozprofileOMLoM3"
*** You are running in headless mode.
JavaScript error: resource://gre/modules/XULStore.jsm, line 66: Error: Can't find profile directory.
1594212992486	Marionette	INFO	Listening on port 64161
1594212992711	Marionette	WARN	TLS certificate errors will be ignored for this session
1594213001982	Marionette	INFO	Stopped listening on port 64161
1594213005628	mozrunner::runner	INFO	Running command: "C:\\Program Files\\Mozilla Firefox\\firefox.exe" "-marionette" "--headless" "-foreground" "-no-remote" "-profile" "C:\\Users\\ALESSA~1\\AppData\\Local\\Temp\\rust_mozprofile3U1rLc"
*** You are running in headless mode.
JavaScript error: resource://gre/modules/XULStore.jsm, line 66: Error: Can't find profile directory.
1594213006985	Marionette	INFO	Listening on port 64223
1594213007165	Marionette	WARN	TLS certificate errors will be ignored for this session
1594213016362	Marionette	INFO	Stopped listening on port 64223
1594213019939	mozrunner::runner	INFO	Running command: "C:\\Program Files\\Mozilla Firefox\\firefox.exe" "-marionette" "--headless" "-foreground" "-no-remote" "-profile" "C:\\Users\\ALESSA~1\\AppData\\Local\\Temp\\rust_mozprofile9pvzAm"
*** You are running in headless mode.
JavaScript error: resource://gre/modules/XULStore.jsm, line 66: Error: Can't find profile directory.
1594213021290	Marionette	INFO	Listening on port 64283
1594213021502	Marionette	WARN	TLS certificate errors will be ignored for this session
1594213030708	Marionette	INFO	Stopped listening on port 64283
