1594200557438	mozrunner::runner	INFO	Running command: "C:\\Program Files\\Mozilla Firefox\\firefox.exe" "-marionette" "--headless" "-foreground" "-no-remote" "-profile" "C:\\Users\\ALESSA~1\\AppData\\Local\\Temp\\rust_mozprofile3ZVkAB"
*** You are running in headless mode.
JavaScript error: resource://gre/modules/XULStore.jsm, line 66: Error: Can't find profile directory.
1594200559575	Marionette	INFO	Listening on port 59158
1594200559610	Marionette	WARN	TLS certificate errors will be ignored for this session
JavaScript warning: https://www.arpa.veneto.it/portal_javascripts/arpav_theme/jquery-cachekey2662.js, line 12: unreachable code after return statement
1594200562345	Marionette	INFO	Stopped listening on port 59158
1594200701645	mozrunner::runner	INFO	Running command: "C:\\Program Files\\Mozilla Firefox\\firefox.exe" "-marionette" "--headless" "-foreground" "-no-remote" "-profile" "C:\\Users\\ALESSA~1\\AppData\\Local\\Temp\\rust_mozprofiler7rZVN"
*** You are running in headless mode.
JavaScript error: resource://gre/modules/XULStore.jsm, line 66: Error: Can't find profile directory.
1594200704001	Marionette	INFO	Listening on port 59242
1594200704302	Marionette	WARN	TLS certificate errors will be ignored for this session
JavaScript warning: https://www.arpa.veneto.it/portal_javascripts/arpav_theme/jquery-cachekey2662.js, line 12: unreachable code after return statement
1594200706702	Marionette	INFO	Stopped listening on port 59242
1594200839354	mozrunner::runner	INFO	Running command: "C:\\Program Files\\Mozilla Firefox\\firefox.exe" "-marionette" "--headless" "-foreground" "-no-remote" "-profile" "C:\\Users\\ALESSA~1\\AppData\\Local\\Temp\\rust_mozprofileFKGqsA"
*** You are running in headless mode.
JavaScript error: resource://gre/modules/XULStore.jsm, line 66: Error: Can't find profile directory.
1594200841858	Marionette	INFO	Listening on port 59324
1594200842039	Marionette	WARN	TLS certificate errors will be ignored for this session
JavaScript warning: https://www.arpa.veneto.it/portal_javascripts/arpav_theme/jquery-cachekey2662.js, line 12: unreachable code after return statement
1594200844692	Marionette	INFO	Stopped listening on port 59324
[Parent 13108, Gecko_IOThread] WARNING: file /builds/worker/checkouts/gecko/ipc/chromium/src/base/process_util_win.cc, line 166
1594200879193	mozrunner::runner	INFO	Running command: "C:\\Program Files\\Mozilla Firefox\\firefox.exe" "-marionette" "--headless" "-foreground" "-no-remote" "-profile" "C:\\Users\\ALESSA~1\\AppData\\Local\\Temp\\rust_mozprofile12iYLv"
*** You are running in headless mode.
JavaScript error: resource://gre/modules/XULStore.jsm, line 66: Error: Can't find profile directory.
1594200881688	Marionette	INFO	Listening on port 59380
1594200881860	Marionette	WARN	TLS certificate errors will be ignored for this session
JavaScript warning: https://www.arpa.veneto.it/portal_javascripts/arpav_theme/jquery-cachekey2662.js, line 12: unreachable code after return statement
1594200884498	Marionette	INFO	Stopped listening on port 59380
1594210738634	mozrunner::runner	INFO	Running command: "C:\\Program Files\\Mozilla Firefox\\firefox.exe" "-marionette" "--headless" "-foreground" "-no-remote" "-profile" "C:\\Users\\ALESSA~1\\AppData\\Local\\Temp\\rust_mozprofiledxRU2Y"
*** You are running in headless mode.
JavaScript error: resource://gre/modules/XULStore.jsm, line 66: Error: Can't find profile directory.
1594210739913	Marionette	INFO	Listening on port 60936
1594210740173	Marionette	WARN	TLS certificate errors will be ignored for this session
JavaScript warning: https://www.arpa.veneto.it/portal_javascripts/arpav_theme/jquery-cachekey2662.js, line 12: unreachable code after return statement
1594210743682	Marionette	INFO	Stopped listening on port 60936
