1593181260968	mozrunner::runner	INFO	Running command: "C:\\Program Files\\Mozilla Firefox\\firefox.exe" "-marionette" "--headless" "-foreground" "-no-remote" "-profile" "C:\\Users\\ALESSA~1\\AppData\\Local\\Temp\\rust_mozprofilehGAlDy"
*** You are running in headless mode.
JavaScript error: resource://gre/modules/XULStore.jsm, line 66: Error: Can't find profile directory.
1593181262275	Marionette	INFO	Listening on port 51092
1593181262498	Marionette	WARN	TLS certificate errors will be ignored for this session
JavaScript warning: http://clima.meteoam.it/JavaScript/jquery-1.10.2.min.js, line 2: Using //@ to indicate sourceMappingURL pragmas is deprecated. Use //# instead
JavaScript error: http://clima.meteoam.it/web-clima-sysman/js/mapsv3.js, line 899: TypeError: google.maps.Unload is not a function
JavaScript warning: http://clima.meteoam.it/JavaScript/jquery-1.10.2.min.js, line 2: Using //@ to indicate sourceMappingURL pragmas is deprecated. Use //# instead
JavaScript error: http://maps.googleapis.com/maps/api/js?key=AIzaSyC-_KJPFKyCsyQxmNlGzBeQPUeRZL9jDvM, line 82: Error: Could not load "controls".
JavaScript error: http://clima.meteoam.it/web-clima-sysman/js/mapsv3.js, line 899: TypeError: google.maps.Unload is not a function
JavaScript warning: http://clima.meteoam.it/JavaScript/jquery-1.10.2.min.js, line 2: Using //@ to indicate sourceMappingURL pragmas is deprecated. Use //# instead
1593181270327	Marionette	INFO	Stopped listening on port 51092
1593186139858	mozrunner::runner	INFO	Running command: "C:\\Program Files\\Mozilla Firefox\\firefox.exe" "-marionette" "--headless" "-foreground" "-no-remote" "-profile" "C:\\Users\\ALESSA~1\\AppData\\Local\\Temp\\rust_mozprofilebtoElI"
*** You are running in headless mode.
JavaScript error: resource://gre/modules/XULStore.jsm, line 66: Error: Can't find profile directory.
1593186141468	Marionette	INFO	Listening on port 55387
1593186141889	Marionette	WARN	TLS certificate errors will be ignored for this session
Exiting due to channel error.
Exiting due to channel error.
gram Files\\Mozilla Firefox\\firefox.exe" "-marionette" "--headless" "-foreground" "-no-remote" "-profile" "C:\\Users\\ALESSA~1\\AppData\\Local\\Temp\\rust_mozprofileBFb9m7"
*** You are running in headless mode.
JavaScript error: resource://gre/modules/XULStore.jsm, line 66: Error: Can't find profile directory.
1593186172580	Marionette	INFO	Listening on port 55424
1593186172708	Marionette	WARN	TLS certificate errors will be ignored for this session
JavaScript warning: http://clima.meteoam.it/JavaScript/jquery-1.10.2.min.js, line 2: Using //@ to indicate sourceMappingURL pragmas is deprecated. Use //# instead
JavaScript error: http://clima.meteoam.it/web-clima-sysman/js/mapsv3.js, line 899: TypeError: google.maps.Unload is not a function
JavaScript warning: http://clima.meteoam.it/JavaScript/jquery-1.10.2.min.js, line 2: Using //@ to indicate sourceMappingURL pragmas is deprecated. Use //# instead
JavaScript error: http://clima.meteoam.it/web-clima-sysman/js/mapsv3.js, line 899: TypeError: google.maps.Unload is not a function
JavaScript warning: http://clima.meteoam.it/JavaScript/jquery-1.10.2.min.js, line 2: Using //@ to indicate sourceMappingURL pragmas is deprecated. Use //# instead
1593186178170	Marionette	INFO	Stopped listening on port 55424
1593186383008	mozrunner::runner	INFO	Running command: "C:\\Program Files\\Mozilla Firefox\\firefox.exe" "-marionette" "--headless" "-foreground" "-no-remote" "-profile" "C:\\Users\\ALESSA~1\\AppData\\Local\\Temp\\rust_mozprofilewmNqxY"
*** You are running in headless mode.
JavaScript error: resource://gre/modules/XULStore.jsm, line 66: Error: Can't find profile directory.
1593186384307	Marionette	INFO	Listening on port 55686
1593186384529	Marionette	WARN	TLS certificate errors will be ignored for this session
JavaScript warning: http://clima.meteoam.it/JavaScript/jquery-1.10.2.min.js, line 2: Using //@ to indicate sourceMappingURL pragmas is deprecated. Use //# instead
JavaScript error: http://clima.meteoam.it/web-clima-sysman/js/mapsv3.js, line 899: TypeError: google.maps.Unload is not a function
JavaScript warning: http://clima.meteoam.it/JavaScript/jquery-1.10.2.min.js, line 2: Using //@ to indicate sourceMappingURL pragmas is deprecated. Use //# instead
1593186389296	Marionette	INFO	Stopped listening on port 55686
JavaScript error: http://clima.meteoam.it/web-clima-sysman/js/mapsv3.js, line 899: TypeError: google.maps.Unload is not a function
1593186412351	mozrunner::runner	INFO	Running command: "C:\\Program Files\\Mozilla Firefox\\firefox.exe" "-marionette" "--headless" "-foreground" "-no-remote" "-profile" "C:\\Users\\ALESSA~1\\AppData\\Local\\Temp\\rust_mozprofileqAuvKu"
*** You are running in headless mode.
JavaScript error: resource://gre/modules/XULStore.jsm, line 66: Error: Can't find profile directory.
1593186413655	Marionette	INFO	Listening on port 55795
1593186413872	Marionette	WARN	TLS certificate errors will be ignored for this session
JavaScript warning: http://clima.meteoam.it/JavaScript/jquery-1.10.2.min.js, line 2: Using //@ to indicate sourceMappingURL pragmas is deprecated. Use //# instead
JavaScript error: http://clima.meteoam.it/web-clima-sysman/js/mapsv3.js, line 899: TypeError: google.maps.Unload is not a function
JavaScript warning: http://clima.meteoam.it/JavaScript/jquery-1.10.2.min.js, line 2: Using //@ to indicate sourceMappingURL pragmas is deprecated. Use //# instead
JavaScript error: http://clima.meteoam.it/web-clima-sysman/js/mapsv3.js, line 899: TypeError: google.maps.Unload is not a function
JavaScript warning: http://clima.meteoam.it/JavaScript/jquery-1.10.2.min.js, line 2: Using //@ to indicate sourceMappingURL pragmas is deprecated. Use //# instead
1593186426908	Marionette	INFO	Stopped listening on port 55795
1593420015794	mozrunner::runner	INFO	Running command: "C:\\Program Files\\Mozilla Firefox\\firefox.exe" "-marionette" "--headless" "-foreground" "-no-remote" "-profile" "C:\\Users\\ALESSA~1\\AppData\\Local\\Temp\\rust_mozprofileUCXEW2"
*** You are running in headless mode.
JavaScript error: resource://gre/modules/XULStore.jsm, line 66: Error: Can't find profile directory.
1593420017974	Marionette	INFO	Listening on port 65206
1593420018460	Marionette	WARN	TLS certificate errors will be ignored for this session
JavaScript warning: http://clima.meteoam.it/JavaScript/jquery-1.10.2.min.js, line 2: Using //@ to indicate sourceMappingURL pragmas is deprecated. Use //# instead
JavaScript error: http://clima.meteoam.it/web-clima-sysman/js/mapsv3.js, line 73: TypeError: xml is null
JavaScript error: http://maps.googleapis.com/maps/api/js?key=AIzaSyC-_KJPFKyCsyQxmNlGzBeQPUeRZL9jDvM, line 82: Error: Could not load "onion".
JavaScript error: http://clima.meteoam.it/web-clima-sysman/js/mapsv3.js, line 899: TypeError: google.maps.Unload is not a function
JavaScript warning: http://clima.meteoam.it/JavaScript/jquery-1.10.2.min.js, line 2: Using //@ to indicate sourceMappingURL pragmas is deprecated. Use //# instead
1593420047192	Marionette	INFO	Stopped listening on port 65206
JavaScript error: http://clima.meteoam.it/web-clima-sysman/js/mapsv3.js, line 899: TypeError: google.maps.Unload is not a function
1593441324328	mozrunner::runner	INFO	Running command: "C:\\Program Files\\Mozilla Firefox\\firefox.exe" "-marionette" "--headless" "-foreground" "-no-remote" "-profile" "C:\\Users\\ALESSA~1\\AppData\\Local\\Temp\\rust_mozprofilewi6fnS"
*** You are running in headless mode.
JavaScript error: resource://gre/modules/XULStore.jsm, line 66: Error: Can't find profile directory.
1593441327916	Marionette	INFO	Listening on port 51842
1593441328006	Marionette	WARN	TLS certificate errors will be ignored for this session
JavaScript warning: http://clima.meteoam.it/JavaScript/jquery-1.10.2.min.js, line 2: Using //@ to indicate sourceMappingURL pragmas is deprecated. Use //# instead
JavaScript error: http://clima.meteoam.it/web-clima-sysman/js/mapsv3.js, line 899: TypeError: google.maps.Unload is not a function
JavaScript warning: http://clima.meteoam.it/JavaScript/jquery-1.10.2.min.js, line 2: Using //@ to indicate sourceMappingURL pragmas is deprecated. Use //# instead
JavaScript error: http://clima.meteoam.it/web-clima-sysman/js/mapsv3.js, line 899: TypeError: google.maps.Unload is not a function
JavaScript warning: http://clima.meteoam.it/JavaScript/jquery-1.10.2.min.js, line 2: Using //@ to indicate sourceMappingURL pragmas is deprecated. Use //# instead
1593441343172	Marionette	INFO	Stopped listening on port 51842
1593445386284	mozrunner::runner	INFO	Running command: "C:\\Program Files\\Mozilla Firefox\\firefox.exe" "-marionette" "--headless" "-foreground" "-no-remote" "-profile" "C:\\Users\\ALESSA~1\\AppData\\Local\\Temp\\rust_mozprofileL49amM"
*** You are running in headless mode.
JavaScript error: resource://gre/modules/XULStore.jsm, line 66: Error: Can't find profile directory.
1593445388546	Marionette	INFO	Listening on port 53046
1593445388940	Marionette	WARN	TLS certificate errors will be ignored for this session
JavaScript warning: http://clima.meteoam.it/JavaScript/jquery-1.10.2.min.js, line 2: Using //@ to indicate sourceMappingURL pragmas is deprecated. Use //# instead
JavaScript error: http://clima.meteoam.it/web-clima-sysman/js/mapsv3.js, line 899: TypeError: google.maps.Unload is not a function
JavaScript warning: http://clima.meteoam.it/JavaScript/jquery-1.10.2.min.js, line 2: Using //@ to indicate sourceMappingURL pragmas is deprecated. Use //# instead
1593445414094	Marionette	INFO	Stopped listening on port 53046
JavaScript error: http://clima.meteoam.it/web-clima-sysman/js/mapsv3.js, line 899: TypeError: google.maps.Unload is not a function
1593445532470	mozrunner::runner	INFO	Running command: "C:\\Program Files\\Mozilla Firefox\\firefox.exe" "-marionette" "--headless" "-foreground" "-no-remote" "-profile" "C:\\Users\\ALESSA~1\\AppData\\Local\\Temp\\rust_mozprofile7Z0Pjf"
*** You are running in headless mode.
JavaScript error: resource://gre/modules/XULStore.jsm, line 66: Error: Can't find profile directory.
1593445534939	Marionette	INFO	Listening on port 53291
1593445535135	Marionette	WARN	TLS certificate errors will be ignored for this session
JavaScript warning: http://clima.meteoam.it/JavaScript/jquery-1.10.2.min.js, line 2: Using //@ to indicate sourceMappingURL pragmas is deprecated. Use //# instead
JavaScript error: http://clima.meteoam.it/web-clima-sysman/js/mapsv3.js, line 899: TypeError: google.maps.Unload is not a function
JavaScript warning: http://clima.meteoam.it/JavaScript/jquery-1.10.2.min.js, line 2: Using //@ to indicate sourceMappingURL pragmas is deprecated. Use //# instead
JavaScript error: http://clima.meteoam.it/web-clima-sysman/js/mapsv3.js, line 899: TypeError: google.maps.Unload is not a function
JavaScript warning: http://clima.meteoam.it/JavaScript/jquery-1.10.2.min.js, line 2: Using //@ to indicate sourceMappingURL pragmas is deprecated. Use //# instead
1593445546822	Marionette	INFO	Stopped listening on port 53291
1593761848901	mozrunner::runner	INFO	Running command: "C:\\Program Files\\Mozilla Firefox\\firefox.exe" "-marionette" "--headless" "-foreground" "-no-remote" "-profile" "C:\\Users\\ALESSA~1\\AppData\\Local\\Temp\\rust_mozprofileRpFPl1"
*** You are running in headless mode.
JavaScript error: resource://gre/modules/XULStore.jsm, line 66: Error: Can't find profile directory.
1593761851046	Marionette	INFO	Listening on port 61841
1593761851563	Marionette	WARN	TLS certificate errors will be ignored for this session
JavaScript warning: http://clima.meteoam.it/JavaScript/jquery-1.10.2.min.js, line 2: Using //@ to indicate sourceMappingURL pragmas is deprecated. Use //# instead
JavaScript error: http://clima.meteoam.it/web-clima-sysman/js/mapsv3.js, line 899: TypeError: google.maps.Unload is not a function
JavaScript warning: http://clima.meteoam.it/JavaScript/jquery-1.10.2.min.js, line 2: Using //@ to indicate sourceMappingURL pragmas is deprecated. Use //# instead
JavaScript error: http://clima.meteoam.it/web-clima-sysman/js/mapsv3.js, line 899: TypeError: google.maps.Unload is not a function
JavaScript warning: http://clima.meteoam.it/JavaScript/jquery-1.10.2.min.js, line 2: Using //@ to indicate sourceMappingURL pragmas is deprecated. Use //# instead
1593761876249	Marionette	INFO	Stopped listening on port 61841
1593761880588	mozrunner::runner	INFO	Running command: "C:\\Program Files\\Mozilla Firefox\\firefox.exe" "-marionette" "--headless" "-foreground" "-no-remote" "-profile" "C:\\Users\\ALESSA~1\\AppData\\Local\\Temp\\rust_mozprofileoJr68Q"
*** You are running in headless mode.
JavaScript error: resource://gre/modules/XULStore.jsm, line 66: Error: Can't find profile directory.
1593761882837	Marionette	INFO	Listening on port 61962
1593761883260	Marionette	WARN	TLS certificate errors will be ignored for this session
JavaScript warning: http://clima.meteoam.it/JavaScript/jquery-1.10.2.min.js, line 2: Using //@ to indicate sourceMappingURL pragmas is deprecated. Use //# instead
JavaScript error: http://clima.meteoam.it/web-clima-sysman/js/mapsv3.js, line 73: TypeError: xml is null
JavaScript error: http://maps.googleapis.com/maps/api/js?key=AIzaSyC-_KJPFKyCsyQxmNlGzBeQPUeRZL9jDvM, line 82: Error: Could not load "onion".
JavaScript error: http://clima.meteoam.it/web-clima-sysman/js/mapsv3.js, line 899: TypeError: google.maps.Unload is not a function
JavaScript warning: http://clima.meteoam.it/JavaScript/jquery-1.10.2.min.js, line 2: Using //@ to indicate sourceMappingURL pragmas is deprecated. Use //# instead
JavaScript error: http://clima.meteoam.it/web-clima-sysman/js/mapsv3.js, line 899: TypeError: google.maps.Unload is not a function
JavaScript warning: http://clima.meteoam.it/JavaScript/jquery-1.10.2.min.js, line 2: Using //@ to indicate sourceMappingURL pragmas is deprecated. Use //# instead
1593761907128	Marionette	INFO	Stopped listening on port 61962
1593762111563	mozrunner::runner	INFO	Running command: "C:\\Program Files\\Mozilla Firefox\\firefox.exe" "-marionette" "--headless" "-foreground" "-no-remote" "-profile" "C:\\Users\\ALESSA~1\\AppData\\Local\\Temp\\rust_mozprofilef1iDX5"
*** You are running in headless mode.
JavaScript error: resource://gre/modules/XULStore.jsm, line 66: Error: Can't find profile directory.
1593762113769	Marionette	INFO	Listening on port 62191
1593762114227	Marionette	WARN	TLS certificate errors will be ignored for this session
JavaScript warning: http://clima.meteoam.it/JavaScript/jquery-1.10.2.min.js, line 2: Using //@ to indicate sourceMappingURL pragmas is deprecated. Use //# instead
JavaScript error: http://clima.meteoam.it/web-clima-sysman/js/mapsv3.js, line 73: TypeError: xml is null
JavaScript error: http://clima.meteoam.it/web-clima-sysman/js/mapsv3.js, line 899: TypeError: google.maps.Unload is not a function
JavaScript warning: http://clima.meteoam.it/JavaScript/jquery-1.10.2.min.js, line 2: Using //@ to indicate sourceMappingURL pragmas is deprecated. Use //# instead
JavaScript error: http://clima.meteoam.it/web-clima-sysman/js/mapsv3.js, line 899: TypeError: google.maps.Unload is not a function
JavaScript warning: http://clima.meteoam.it/JavaScript/jquery-1.10.2.min.js, line 2: Using //@ to indicate sourceMappingURL pragmas is deprecated. Use //# instead
1593762129647	Marionette	INFO	Stopped listening on port 62191
1593762133611	mozrunner::runner	INFO	Running command: "C:\\Program Files\\Mozilla Firefox\\firefox.exe" "-marionette" "--headless" "-foreground" "-no-remote" "-profile" "C:\\Users\\ALESSA~1\\AppData\\Local\\Temp\\rust_mozprofileyDqvF2"
*** You are running in headless mode.
JavaScript error: resource://gre/modules/XULStore.jsm, line 66: Error: Can't find profile directory.
1593762135781	Marionette	INFO	Listening on port 62318
1593762136292	Marionette	WARN	TLS certificate errors will be ignored for this session
JavaScript warning: http://clima.meteoam.it/JavaScript/jquery-1.10.2.min.js, line 2: Using //@ to indicate sourceMappingURL pragmas is deprecated. Use //# instead
JavaScript error: http://clima.meteoam.it/web-clima-sysman/js/mapsv3.js, line 899: TypeError: google.maps.Unload is not a function
JavaScript warning: http://clima.meteoam.it/JavaScript/jquery-1.10.2.min.js, line 2: Using //@ to indicate sourceMappingURL pragmas is deprecated. Use //# instead
JavaScript error: http://clima.meteoam.it/web-clima-sysman/js/mapsv3.js, line 899: TypeError: google.maps.Unload is not a function
JavaScript warning: http://clima.meteoam.it/JavaScript/jquery-1.10.2.min.js, line 2: Using //@ to indicate sourceMappingURL pragmas is deprecated. Use //# instead
1593762151922	Marionette	INFO	Stopped listening on port 62318
1593762155985	mozrunner::runner	INFO	Running command: "C:\\Program Files\\Mozilla Firefox\\firefox.exe" "-marionette" "--headless" "-foreground" "-no-remote" "-profile" "C:\\Users\\ALESSA~1\\AppData\\Local\\Temp\\rust_mozprofilehwme3r"
*** You are running in headless mode.
JavaScript error: resource://gre/modules/XULStore.jsm, line 66: Error: Can't find profile directory.
1593762158393	Marionette	INFO	Listening on port 62440
1593762158652	Marionette	WARN	TLS certificate errors will be ignored for this session
JavaScript warning: http://clima.meteoam.it/JavaScript/jquery-1.10.2.min.js, line 2: Using //@ to indicate sourceMappingURL pragmas is deprecated. Use //# instead
JavaScript error: http://clima.meteoam.it/web-clima-sysman/js/mapsv3.js, line 899: TypeError: google.maps.Unload is not a function
JavaScript warning: http://clima.meteoam.it/JavaScript/jquery-1.10.2.min.js, line 2: Using //@ to indicate sourceMappingURL pragmas is deprecated. Use //# instead
JavaScript error: http://clima.meteoam.it/web-clima-sysman/js/mapsv3.js, line 899: TypeError: google.maps.Unload is not a function
JavaScript warning: http://clima.meteoam.it/JavaScript/jquery-1.10.2.min.js, line 2: Using //@ to indicate sourceMappingURL pragmas is deprecated. Use //# instead
1593762174161	Marionette	INFO	Stopped listening on port 62440
1593762178450	mozrunner::runner	INFO	Running command: "C:\\Program Files\\Mozilla Firefox\\firefox.exe" "-marionette" "--headless" "-foreground" "-no-remote" "-profile" "C:\\Users\\ALESSA~1\\AppData\\Local\\Temp\\rust_mozprofilefwC8bG"
*** You are running in headless mode.
JavaScript error: resource://gre/modules/XULStore.jsm, line 66: Error: Can't find profile directory.
1593762181545	Marionette	INFO	Listening on port 62563
1593762181617	Marionette	WARN	TLS certificate errors will be ignored for this session
JavaScript warning: http://clima.meteoam.it/JavaScript/jquery-1.10.2.min.js, line 2: Using //@ to indicate sourceMappingURL pragmas is deprecated. Use //# instead
JavaScript error: http://clima.meteoam.it/web-clima-sysman/js/mapsv3.js, line 899: TypeError: google.maps.Unload is not a function
JavaScript warning: http://clima.meteoam.it/JavaScript/jquery-1.10.2.min.js, line 2: Using //@ to indicate sourceMappingURL pragmas is deprecated. Use //# instead
JavaScript error: http://clima.meteoam.it/web-clima-sysman/js/mapsv3.js, line 899: TypeError: google.maps.Unload is not a function
JavaScript warning: http://clima.meteoam.it/JavaScript/jquery-1.10.2.min.js, line 2: Using //@ to indicate sourceMappingURL pragmas is deprecated. Use //# instead
1593762197740	Marionette	INFO	Stopped listening on port 62563
1593762201663	mozrunner::runner	INFO	Running command: "C:\\Program Files\\Mozilla Firefox\\firefox.exe" "-marionette" "--headless" "-foreground" "-no-remote" "-profile" "C:\\Users\\ALESSA~1\\AppData\\Local\\Temp\\rust_mozprofile00TNP4"
*** You are running in headless mode.
JavaScript error: resource://gre/modules/XULStore.jsm, line 66: Error: Can't find profile directory.
1593762204880	Marionette	INFO	Listening on port 62684
1593762205347	Marionette	WARN	TLS certificate errors will be ignored for this session
JavaScript warning: http://clima.meteoam.it/JavaScript/jquery-1.10.2.min.js, line 2: Using //@ to indicate sourceMappingURL pragmas is deprecated. Use //# instead
JavaScript error: http://clima.meteoam.it/web-clima-sysman/js/mapsv3.js, line 899: TypeError: google.maps.Unload is not a function
JavaScript warning: http://clima.meteoam.it/JavaScript/jquery-1.10.2.min.js, line 2: Using //@ to indicate sourceMappingURL pragmas is deprecated. Use //# instead
JavaScript error: http://clima.meteoam.it/web-clima-sysman/js/mapsv3.js, line 899: TypeError: google.maps.Unload is not a function
JavaScript warning: http://clima.meteoam.it/JavaScript/jquery-1.10.2.min.js, line 2: Using //@ to indicate sourceMappingURL pragmas is deprecated. Use //# instead
1593762221222	Marionette	INFO	Stopped listening on port 62684
1593762225482	mozrunner::runner	INFO	Running command: "C:\\Program Files\\Mozilla Firefox\\firefox.exe" "-marionette" "--headless" "-foreground" "-no-remote" "-profile" "C:\\Users\\ALESSA~1\\AppData\\Local\\Temp\\rust_mozprofiles6ZLTa"
*** You are running in headless mode.
JavaScript error: resource://gre/modules/XULStore.jsm, line 66: Error: Can't find profile directory.
1593762227536	Marionette	INFO	Listening on port 62813
1593762227657	Marionette	WARN	TLS certificate errors will be ignored for this session
JavaScript warning: http://clima.meteoam.it/JavaScript/jquery-1.10.2.min.js, line 2: Using //@ to indicate sourceMappingURL pragmas is deprecated. Use //# instead
JavaScript error: http://clima.meteoam.it/web-clima-sysman/js/mapsv3.js, line 899: TypeError: google.maps.Unload is not a function
JavaScript warning: http://clima.meteoam.it/JavaScript/jquery-1.10.2.min.js, line 2: Using //@ to indicate sourceMappingURL pragmas is deprecated. Use //# instead
JavaScript error: http://clima.meteoam.it/web-clima-sysman/js/mapsv3.js, line 899: TypeError: google.maps.Unload is not a function
JavaScript warning: http://clima.meteoam.it/JavaScript/jquery-1.10.2.min.js, line 2: Using //@ to indicate sourceMappingURL pragmas is deprecated. Use //# instead
1593762243645	Marionette	INFO	Stopped listening on port 62813
1593762247971	mozrunner::runner	INFO	Running command: "C:\\Program Files\\Mozilla Firefox\\firefox.exe" "-marionette" "--headless" "-foreground" "-no-remote" "-profile" "C:\\Users\\ALESSA~1\\AppData\\Local\\Temp\\rust_mozprofilet8HzWt"
*** You are running in headless mode.
JavaScript error: resource://gre/modules/XULStore.jsm, line 66: Error: Can't find profile directory.
1593762251422	Marionette	INFO	Listening on port 62937
1593762251628	Marionette	WARN	TLS certificate errors will be ignored for this session
JavaScript warning: http://clima.meteoam.it/JavaScript/jquery-1.10.2.min.js, line 2: Using //@ to indicate sourceMappingURL pragmas is deprecated. Use //# instead
JavaScript error: http://clima.meteoam.it/web-clima-sysman/js/mapsv3.js, line 899: TypeError: google.maps.Unload is not a function
JavaScript warning: http://clima.meteoam.it/JavaScript/jquery-1.10.2.min.js, line 2: Using //@ to indicate sourceMappingURL pragmas is deprecated. Use //# instead
1593762257801	Marionette	WARN	TimedPromise timed out after 500 ms: stacktrace:
TimedPromise/<@chrome://marionette/content/sync.js:245:13
TimedPromise@chrome://marionette/content/sync.js:230:10
interaction.flushEventLoop@chrome://marionette/content/interaction.js:416:10
webdriverClickElement@chrome://marionette/content/interaction.js:182:31
JavaScript error: http://clima.meteoam.it/web-clima-sysman/js/mapsv3.js, line 899: TypeError: google.maps.Unload is not a function
JavaScript warning: http://clima.meteoam.it/JavaScript/jquery-1.10.2.min.js, line 2: Using //@ to indicate sourceMappingURL pragmas is deprecated. Use //# instead
1593762268639	Marionette	INFO	Stopped listening on port 62937
1593762272772	mozrunner::runner	INFO	Running command: "C:\\Program Files\\Mozilla Firefox\\firefox.exe" "-marionette" "--headless" "-foreground" "-no-remote" "-profile" "C:\\Users\\ALESSA~1\\AppData\\Local\\Temp\\rust_mozprofile2N2x5T"
*** You are running in headless mode.
JavaScript error: resource://gre/modules/XULStore.jsm, line 66: Error: Can't find profile directory.
1593762276053	Marionette	INFO	Listening on port 63055
1593762276433	Marionette	WARN	TLS certificate errors will be ignored for this session
JavaScript warning: http://clima.meteoam.it/JavaScript/jquery-1.10.2.min.js, line 2: Using //@ to indicate sourceMappingURL pragmas is deprecated. Use //# instead
JavaScript error: http://clima.meteoam.it/web-clima-sysman/js/mapsv3.js, line 899: TypeError: google.maps.Unload is not a function
JavaScript warning: http://clima.meteoam.it/JavaScript/jquery-1.10.2.min.js, line 2: Using //@ to indicate sourceMappingURL pragmas is deprecated. Use //# instead
JavaScript error: http://clima.meteoam.it/web-clima-sysman/js/mapsv3.js, line 899: TypeError: google.maps.Unload is not a function
JavaScript warning: http://clima.meteoam.it/JavaScript/jquery-1.10.2.min.js, line 2: Using //@ to indicate sourceMappingURL pragmas is deprecated. Use //# instead
1593762297913	Marionette	INFO	Stopped listening on port 63055
1593762302033	mozrunner::runner	INFO	Running command: "C:\\Program Files\\Mozilla Firefox\\firefox.exe" "-marionette" "--headless" "-foreground" "-no-remote" "-profile" "C:\\Users\\ALESSA~1\\AppData\\Local\\Temp\\rust_mozprofilerVDXPZ"
*** You are running in headless mode.
JavaScript error: resource://gre/modules/XULStore.jsm, line 66: Error: Can't find profile directory.
1593762304686	Marionette	INFO	Listening on port 63172
1593762304714	Marionette	WARN	TLS certificate errors will be ignored for this session
JavaScript warning: http://clima.meteoam.it/JavaScript/jquery-1.10.2.min.js, line 2: Using //@ to indicate sourceMappingURL pragmas is deprecated. Use //# instead
JavaScript error: http://clima.meteoam.it/web-clima-sysman/js/mapsv3.js, line 899: TypeError: google.maps.Unload is not a function
JavaScript warning: http://clima.meteoam.it/JavaScript/jquery-1.10.2.min.js, line 2: Using //@ to indicate sourceMappingURL pragmas is deprecated. Use //# instead
JavaScript error: http://clima.meteoam.it/web-clima-sysman/js/mapsv3.js, line 899: TypeError: google.maps.Unload is not a function
JavaScript warning: http://clima.meteoam.it/JavaScript/jquery-1.10.2.min.js, line 2: Using //@ to indicate sourceMappingURL pragmas is deprecated. Use //# instead
1593762326921	Marionette	INFO	Stopped listening on port 63172
1593762331252	mozrunner::runner	INFO	Running command: "C:\\Program Files\\Mozilla Firefox\\firefox.exe" "-marionette" "--headless" "-foreground" "-no-remote" "-profile" "C:\\Users\\ALESSA~1\\AppData\\Local\\Temp\\rust_mozprofilesKnO2u"
*** You are running in headless mode.
JavaScript error: resource://gre/modules/XULStore.jsm, line 66: Error: Can't find profile directory.
1593762333482	Marionette	INFO	Listening on port 63288
1593762333906	Marionette	WARN	TLS certificate errors will be ignored for this session
JavaScript warning: http://clima.meteoam.it/JavaScript/jquery-1.10.2.min.js, line 2: Using //@ to indicate sourceMappingURL pragmas is deprecated. Use //# instead
JavaScript error: http://clima.meteoam.it/web-clima-sysman/js/mapsv3.js, line 899: TypeError: google.maps.Unload is not a function
JavaScript warning: http://clima.meteoam.it/JavaScript/jquery-1.10.2.min.js, line 2: Using //@ to indicate sourceMappingURL pragmas is deprecated. Use //# instead
JavaScript error: http://clima.meteoam.it/web-clima-sysman/js/mapsv3.js, line 899: TypeError: google.maps.Unload is not a function
JavaScript warning: http://clima.meteoam.it/JavaScript/jquery-1.10.2.min.js, line 2: Using //@ to indicate sourceMappingURL pragmas is deprecated. Use //# instead
1593762349710	Marionette	INFO	Stopped listening on port 63288
1593762353642	mozrunner::runner	INFO	Running command: "C:\\Program Files\\Mozilla Firefox\\firefox.exe" "-marionette" "--headless" "-foreground" "-no-remote" "-profile" "C:\\Users\\ALESSA~1\\AppData\\Local\\Temp\\rust_mozprofile2n3C5W"
*** You are running in headless mode.
JavaScript error: resource://gre/modules/XULStore.jsm, line 66: Error: Can't find profile directory.
1593762355682	Marionette	INFO	Listening on port 63403
1593762355797	Marionette	WARN	TLS certificate errors will be ignored for this session
JavaScript warning: http://clima.meteoam.it/JavaScript/jquery-1.10.2.min.js, line 2: Using //@ to indicate sourceMappingURL pragmas is deprecated. Use //# instead
JavaScript error: http://clima.meteoam.it/web-clima-sysman/js/mapsv3.js, line 899: TypeError: google.maps.Unload is not a function
JavaScript warning: http://clima.meteoam.it/JavaScript/jquery-1.10.2.min.js, line 2: Using //@ to indicate sourceMappingURL pragmas is deprecated. Use //# instead
JavaScript error: http://clima.meteoam.it/web-clima-sysman/js/mapsv3.js, line 899: TypeError: google.maps.Unload is not a function
JavaScript warning: http://clima.meteoam.it/JavaScript/jquery-1.10.2.min.js, line 2: Using //@ to indicate sourceMappingURL pragmas is deprecated. Use //# instead
1593762367551	Marionette	INFO	Stopped listening on port 63403
1593762371448	mozrunner::runner	INFO	Running command: "C:\\Program Files\\Mozilla Firefox\\firefox.exe" "-marionette" "--headless" "-foreground" "-no-remote" "-profile" "C:\\Users\\ALESSA~1\\AppData\\Local\\Temp\\rust_mozprofileWFR1PD"
*** You are running in headless mode.
JavaScript error: resource://gre/modules/XULStore.jsm, line 66: Error: Can't find profile directory.
1593762375010	Marionette	INFO	Listening on port 63520
1593762375082	Marionette	WARN	TLS certificate errors will be ignored for this session
JavaScript warning: http://clima.meteoam.it/JavaScript/jquery-1.10.2.min.js, line 2: Using //@ to indicate sourceMappingURL pragmas is deprecated. Use //# instead
JavaScript error: http://clima.meteoam.it/web-clima-sysman/js/mapsv3.js, line 899: TypeError: google.maps.Unload is not a function
JavaScript warning: http://clima.meteoam.it/JavaScript/jquery-1.10.2.min.js, line 2: Using //@ to indicate sourceMappingURL pragmas is deprecated. Use //# instead
JavaScript error: http://clima.meteoam.it/web-clima-sysman/js/mapsv3.js, line 899: TypeError: google.maps.Unload is not a function
JavaScript warning: http://clima.meteoam.it/JavaScript/jquery-1.10.2.min.js, line 2: Using //@ to indicate sourceMappingURL pragmas is deprecated. Use //# instead
1593762390270	Marionette	INFO	Stopped listening on port 63520
1593762394554	mozrunner::runner	INFO	Running command: "C:\\Program Files\\Mozilla Firefox\\firefox.exe" "-marionette" "--headless" "-foreground" "-no-remote" "-profile" "C:\\Users\\ALESSA~1\\AppData\\Local\\Temp\\rust_mozprofilenNlTcM"
*** You are running in headless mode.
1593762397951	Marionette	INFO	Listening on port 63637
1593762398245	Marionette	WARN	TLS certificate errors will be ignored for this session
JavaScript warning: http://clima.meteoam.it/JavaScript/jquery-1.10.2.min.js, line 2: Using //@ to indicate sourceMappingURL pragmas is deprecated. Use //# instead
JavaScript error: http://clima.meteoam.it/web-clima-sysman/js/mapsv3.js, line 899: TypeError: google.maps.Unload is not a function
JavaScript warning: http://clima.meteoam.it/JavaScript/jquery-1.10.2.min.js, line 2: Using //@ to indicate sourceMappingURL pragmas is deprecated. Use //# instead
JavaScript error: http://clima.meteoam.it/web-clima-sysman/js/mapsv3.js, line 899: TypeError: google.maps.Unload is not a function
JavaScript warning: http://clima.meteoam.it/JavaScript/jquery-1.10.2.min.js, line 2: Using //@ to indicate sourceMappingURL pragmas is deprecated. Use //# instead
1593762417016	Marionette	INFO	Stopped listening on port 63637
1593762420879	mozrunner::runner	INFO	Running command: "C:\\Program Files\\Mozilla Firefox\\firefox.exe" "-marionette" "--headless" "-foreground" "-no-remote" "-profile" "C:\\Users\\ALESSA~1\\AppData\\Local\\Temp\\rust_mozprofilerWO5mV"
*** You are running in headless mode.
JavaScript error: resource://gre/modules/XULStore.jsm, line 66: Error: Can't find profile directory.
1593762423026	Marionette	INFO	Listening on port 63751
1593762423042	Marionette	WARN	TLS certificate errors will be ignored for this session
JavaScript warning: http://clima.meteoam.it/JavaScript/jquery-1.10.2.min.js, line 2: Using //@ to indicate sourceMappingURL pragmas is deprecated. Use //# instead
JavaScript error: http://clima.meteoam.it/web-clima-sysman/js/mapsv3.js, line 899: TypeError: google.maps.Unload is not a function
JavaScript warning: http://clima.meteoam.it/JavaScript/jquery-1.10.2.min.js, line 2: Using //@ to indicate sourceMappingURL pragmas is deprecated. Use //# instead
JavaScript error: http://clima.meteoam.it/web-clima-sysman/js/mapsv3.js, line 899: TypeError: google.maps.Unload is not a function
JavaScript warning: http://clima.meteoam.it/JavaScript/jquery-1.10.2.min.js, line 2: Using //@ to indicate sourceMappingURL pragmas is deprecated. Use //# instead
1593762439012	Marionette	INFO	Stopped listening on port 63751
1594200416589	mozrunner::runner	INFO	Running command: "C:\\Program Files\\Mozilla Firefox\\firefox.exe" "-marionette" "--headless" "-foreground" "-no-remote" "-profile" "C:\\Users\\ALESSA~1\\AppData\\Local\\Temp\\rust_mozprofileV4OOse"
*** You are running in headless mode.
JavaScript error: resource://gre/modules/XULStore.jsm, line 66: Error: Can't find profile directory.
1594200419154	Marionette	INFO	Listening on port 58892
1594200419285	Marionette	WARN	TLS certificate errors will be ignored for this session
JavaScript warning: http://clima.meteoam.it/JavaScript/jquery-1.10.2.min.js, line 2: Using //@ to indicate sourceMappingURL pragmas is deprecated. Use //# instead
JavaScript error: http://clima.meteoam.it/web-clima-sysman/js/mapsv3.js, line 899: TypeError: google.maps.Unload is not a function
JavaScript warning: http://clima.meteoam.it/JavaScript/jquery-1.10.2.min.js, line 2: Using //@ to indicate sourceMappingURL pragmas is deprecated. Use //# instead
1594200425252	Marionette	WARN	TimedPromise timed out after 500 ms: stacktrace:
TimedPromise/<@chrome://marionette/content/sync.js:245:13
TimedPromise@chrome://marionette/content/sync.js:230:10
interaction.flushEventLoop@chrome://marionette/content/interaction.js:416:10
webdriverClickElement@chrome://marionette/content/interaction.js:182:31
JavaScript error: http://clima.meteoam.it/web-clima-sysman/js/mapsv3.js, line 899: TypeError: google.maps.Unload is not a function
JavaScript warning: http://clima.meteoam.it/JavaScript/jquery-1.10.2.min.js, line 2: Using //@ to indicate sourceMappingURL pragmas is deprecated. Use //# instead
1594200445632	Marionette	INFO	Stopped listening on port 58892
1594200449665	mozrunner::runner	INFO	Running command: "C:\\Program Files\\Mozilla Firefox\\firefox.exe" "-marionette" "--headless" "-foreground" "-no-remote" "-profile" "C:\\Users\\ALESSA~1\\AppData\\Local\\Temp\\rust_mozprofileBuUVkW"
*** You are running in headless mode.
JavaScript error: resource://gre/modules/XULStore.jsm, line 66: Error: Can't find profile directory.
1594200451884	Marionette	INFO	Listening on port 59015
1594200452353	Marionette	WARN	TLS certificate errors will be ignored for this session
JavaScript warning: http://clima.meteoam.it/JavaScript/jquery-1.10.2.min.js, line 2: Using //@ to indicate sourceMappingURL pragmas is deprecated. Use //# instead
JavaScript error: http://clima.meteoam.it/web-clima-sysman/js/mapsv3.js, line 899: TypeError: google.maps.Unload is not a function
JavaScript warning: http://clima.meteoam.it/JavaScript/jquery-1.10.2.min.js, line 2: Using //@ to indicate sourceMappingURL pragmas is deprecated. Use //# instead
JavaScript error: http://clima.meteoam.it/web-clima-sysman/js/mapsv3.js, line 899: TypeError: google.maps.Unload is not a function
JavaScript warning: http://clima.meteoam.it/JavaScript/jquery-1.10.2.min.js, line 2: Using //@ to indicate sourceMappingURL pragmas is deprecated. Use //# instead
1594200468341	Marionette	INFO	Stopped listening on port 59015
